-------------------------------------------------------------------------------
Test set: com.sfl.pms.services.payment.redirect.PaymentProviderRedirectResultProcessingServiceIntegrationTest
-------------------------------------------------------------------------------
Tests run: 2, Failures: 0, Errors: 1, Skipped: 0, Time elapsed: 1.631 sec <<< FAILURE!
testProcessPaymentProviderRedirectResultForPaymentMethodAuthorizationPayment(com.sfl.pms.services.payment.redirect.PaymentProviderRedirectResultProcessingServiceIntegrationTest)  Time elapsed: 1.557 sec  <<< ERROR!
com.sfl.pms.services.common.exception.ServicesRuntimeException: Error occurred while processing payment provider redirect result for id - 8
	at org.springframework.web.client.DefaultResponseErrorHandler.handleError(DefaultResponseErrorHandler.java:91)
	at org.springframework.web.client.RestTemplate.handleResponse(RestTemplate.java:636)
	at org.springframework.web.client.RestTemplate.doExecute(RestTemplate.java:592)
	at org.springframework.web.client.RestTemplate.execute(RestTemplate.java:560)
	at org.springframework.web.client.RestTemplate.exchange(RestTemplate.java:479)
	at com.sfl.pms.externalclients.common.http.rest.RestClientImpl.exchange(RestClientImpl.java:191)
	at com.sfl.pms.externalclients.payment.adyen.communicator.AdyenApiCommunicatorImpl.listRecurringDetails(AdyenApiCommunicatorImpl.java:143)
	at com.sfl.pms.services.payment.processing.impl.adyen.AdyenPaymentOperationsProcessorImpl.listAdyenRecurringPaymentMethodContracts(AdyenPaymentOperationsProcessorImpl.java:370)
	at com.sfl.pms.services.payment.processing.impl.adyen.AdyenPaymentOperationsProcessorImpl.getStoredRecurringPaymentMethods(AdyenPaymentOperationsProcessorImpl.java:170)
	at com.sfl.pms.services.payment.customer.method.impl.CustomerPaymentMethodsSynchronizationServiceImpl.synchronizeCustomerPaymentMethods(CustomerPaymentMethodsSynchronizationServiceImpl.java:72)
	at sun.reflect.NativeMethodAccessorImpl.invoke0(Native Method)
	at sun.reflect.NativeMethodAccessorImpl.invoke(NativeMethodAccessorImpl.java:62)
	at sun.reflect.DelegatingMethodAccessorImpl.invoke(DelegatingMethodAccessorImpl.java:43)
	at java.lang.reflect.Method.invoke(Method.java:483)
	at org.springframework.aop.support.AopUtils.invokeJoinpointUsingReflection(AopUtils.java:302)
	at org.springframework.aop.framework.ReflectiveMethodInvocation.invokeJoinpoint(ReflectiveMethodInvocation.java:190)
	at org.springframework.aop.framework.ReflectiveMethodInvocation.proceed(ReflectiveMethodInvocation.java:157)
	at org.springframework.transaction.interceptor.TransactionInterceptor$1.proceedWithInvocation(TransactionInterceptor.java:98)
	at org.springframework.transaction.interceptor.TransactionAspectSupport.invokeWithinTransaction(TransactionAspectSupport.java:262)
	at org.springframework.transaction.interceptor.TransactionInterceptor.invoke(TransactionInterceptor.java:95)
	at org.springframework.aop.framework.ReflectiveMethodInvocation.proceed(ReflectiveMethodInvocation.java:179)
	at org.springframework.aop.framework.JdkDynamicAopProxy.invoke(JdkDynamicAopProxy.java:207)
	at com.sun.proxy.$Proxy119.synchronizeCustomerPaymentMethods(Unknown Source)
	at com.sfl.pms.services.payment.processing.impl.auth.CustomerPaymentMethodAuthorizationPaymentSpecificOperationsProcessorImpl.synchronisePaymentMethodsAndScheduleTaskIfRequired(CustomerPaymentMethodAuthorizationPaymentSpecificOperationsProcessorImpl.java:73)
	at com.sfl.pms.services.payment.processing.impl.auth.CustomerPaymentMethodAuthorizationPaymentSpecificOperationsProcessorImpl.processPaymentResult(CustomerPaymentMethodAuthorizationPaymentSpecificOperationsProcessorImpl.java:51)
	at com.sfl.pms.services.payment.processing.impl.PaymentResultProcessorImpl.processPaymentResult(PaymentResultProcessorImpl.java:71)
	at sun.reflect.NativeMethodAccessorImpl.invoke0(Native Method)
	at sun.reflect.NativeMethodAccessorImpl.invoke(NativeMethodAccessorImpl.java:62)
	at sun.reflect.DelegatingMethodAccessorImpl.invoke(DelegatingMethodAccessorImpl.java:43)
	at java.lang.reflect.Method.invoke(Method.java:483)
	at org.springframework.aop.support.AopUtils.invokeJoinpointUsingReflection(AopUtils.java:302)
	at org.springframework.aop.framework.ReflectiveMethodInvocation.invokeJoinpoint(ReflectiveMethodInvocation.java:190)
	at org.springframework.aop.framework.ReflectiveMethodInvocation.proceed(ReflectiveMethodInvocation.java:157)
	at org.springframework.transaction.interceptor.TransactionInterceptor$1.proceedWithInvocation(TransactionInterceptor.java:98)
	at org.springframework.transaction.interceptor.TransactionAspectSupport.invokeWithinTransaction(TransactionAspectSupport.java:262)
	at org.springframework.transaction.interceptor.TransactionInterceptor.invoke(TransactionInterceptor.java:95)
	at org.springframework.aop.framework.ReflectiveMethodInvocation.proceed(ReflectiveMethodInvocation.java:179)
	at org.springframework.aop.framework.JdkDynamicAopProxy.invoke(JdkDynamicAopProxy.java:207)
	at com.sun.proxy.$Proxy120.processPaymentResult(Unknown Source)
	at com.sfl.pms.services.payment.redirect.impl.adyen.AdyenRedirectResultProcessorImpl.processPaymentProviderRedirectResult(AdyenRedirectResultProcessorImpl.java:91)
	at com.sfl.pms.services.payment.redirect.impl.PaymentProviderRedirectResultProcessingServiceImpl.processPaymentProviderRedirectResult(PaymentProviderRedirectResultProcessingServiceImpl.java:61)
	at com.sfl.pms.services.payment.redirect.PaymentProviderRedirectResultProcessingServiceIntegrationTest.testProcessPaymentProviderRedirectResultForPaymentMethodAuthorizationPayment(PaymentProviderRedirectResultProcessingServiceIntegrationTest.java:75)

