<?xml version="1.0" encoding="UTF-8"?>
<testsuite name="com.sfl.pms.services.payment.redirect.PaymentProviderRedirectResultProcessingServiceIntegrationTest" time="1.617" tests="2" errors="1" skipped="0" failures="0">
  <properties>
[...]
</properties>
  <testcase name="testProcessPaymentProviderRedirectResultForPaymentMethodAuthorizationPayment" classname="com.sfl.pms.services.payment.redirect.PaymentProviderRedirectResultProcessingServiceIntegrationTest" time="1.557">
    <error message="Error occurred while processing payment provider redirect result for id - 8" type="com.sfl.pms.services.common.exception.ServicesRuntimeException">com.sfl.pms.services.common.exception.ServicesRuntimeException: Error occurred while processing payment provider redirect result for id - 8
	at org.springframework.web.client.DefaultResponseErrorHandler.handleError(DefaultResponseErrorHandler.java:91)
	at org.springframework.web.client.RestTemplate.handleResponse(RestTemplate.java:636)
	at org.springframework.web.client.RestTemplate.doExecute(RestTemplate.java:592)
	at org.springframework.web.client.RestTemplate.execute(RestTemplate.java:560)
	at org.springframework.web.client.RestTemplate.exchange(RestTemplate.java:479)
	at com.sfl.pms.externalclients.common.http.rest.RestClientImpl.exchange(RestClientImpl.java:191)
	at com.sfl.pms.externalclients.payment.adyen.communicator.AdyenApiCommunicatorImpl.listRecurringDetails(AdyenApiCommunicatorImpl.java:143)
	at com.sfl.pms.services.payment.processing.impl.adyen.AdyenPaymentOperationsProcessorImpl.listAdyenRecurringPaymentMethodContracts(AdyenPaymentOperationsProcessorImpl.java:370)
	at com.sfl.pms.services.payment.processing.impl.adyen.AdyenPaymentOperationsProcessorImpl.getStoredRecurringPaymentMethods(AdyenPaymentOperationsProcessorImpl.java:170)
	at com.sfl.pms.services.payment.customer.method.impl.CustomerPaymentMethodsSynchronizationServiceImpl.synchronizeCustomerPaymentMethods(CustomerPaymentMethodsSynchronizationServiceImpl.java:72)
	at sun.reflect.NativeMethodAccessorImpl.invoke0(Native Method)
	at sun.reflect.NativeMethodAccessorImpl.invoke(NativeMethodAccessorImpl.java:62)
	at sun.reflect.DelegatingMethodAccessorImpl.invoke(DelegatingMethodAccessorImpl.java:43)
	at java.lang.reflect.Method.invoke(Method.java:483)
	at org.springframework.aop.support.AopUtils.invokeJoinpointUsingReflection(AopUtils.java:302)
	at org.springframework.aop.framework.ReflectiveMethodInvocation.invokeJoinpoint(ReflectiveMethodInvocation.java:190)
	at org.springframework.aop.framework.ReflectiveMethodInvocation.proceed(ReflectiveMethodInvocation.java:157)
	at org.springframework.transaction.interceptor.TransactionInterceptor$1.proceedWithInvocation(TransactionInterceptor.java:98)
	at org.springframework.transaction.interceptor.TransactionAspectSupport.invokeWithinTransaction(TransactionAspectSupport.java:262)
	at org.springframework.transaction.interceptor.TransactionInterceptor.invoke(TransactionInterceptor.java:95)
	at org.springframework.aop.framework.ReflectiveMethodInvocation.proceed(ReflectiveMethodInvocation.java:179)
	at org.springframework.aop.framework.JdkDynamicAopProxy.invoke(JdkDynamicAopProxy.java:207)
	at com.sun.proxy.$Proxy119.synchronizeCustomerPaymentMethods(Unknown Source)
	at com.sfl.pms.services.payment.processing.impl.auth.CustomerPaymentMethodAuthorizationPaymentSpecificOperationsProcessorImpl.synchronisePaymentMethodsAndScheduleTaskIfRequired(CustomerPaymentMethodAuthorizationPaymentSpecificOperationsProcessorImpl.java:73)
	at com.sfl.pms.services.payment.processing.impl.auth.CustomerPaymentMethodAuthorizationPaymentSpecificOperationsProcessorImpl.processPaymentResult(CustomerPaymentMethodAuthorizationPaymentSpecificOperationsProcessorImpl.java:51)
	at com.sfl.pms.services.payment.processing.impl.PaymentResultProcessorImpl.processPaymentResult(PaymentResultProcessorImpl.java:71)
	at sun.reflect.NativeMethodAccessorImpl.invoke0(Native Method)
	at sun.reflect.NativeMethodAccessorImpl.invoke(NativeMethodAccessorImpl.java:62)
	at sun.reflect.DelegatingMethodAccessorImpl.invoke(DelegatingMethodAccessorImpl.java:43)
	at java.lang.reflect.Method.invoke(Method.java:483)
	at org.springframework.aop.support.AopUtils.invokeJoinpointUsingReflection(AopUtils.java:302)
	at org.springframework.aop.framework.ReflectiveMethodInvocation.invokeJoinpoint(ReflectiveMethodInvocation.java:190)
	at org.springframework.aop.framework.ReflectiveMethodInvocation.proceed(ReflectiveMethodInvocation.java:157)
	at org.springframework.transaction.interceptor.TransactionInterceptor$1.proceedWithInvocation(TransactionInterceptor.java:98)
	at org.springframework.transaction.interceptor.TransactionAspectSupport.invokeWithinTransaction(TransactionAspectSupport.java:262)
	at org.springframework.transaction.interceptor.TransactionInterceptor.invoke(TransactionInterceptor.java:95)
	at org.springframework.aop.framework.ReflectiveMethodInvocation.proceed(ReflectiveMethodInvocation.java:179)
	at org.springframework.aop.framework.JdkDynamicAopProxy.invoke(JdkDynamicAopProxy.java:207)
	at com.sun.proxy.$Proxy120.processPaymentResult(Unknown Source)
	at com.sfl.pms.services.payment.redirect.impl.adyen.AdyenRedirectResultProcessorImpl.processPaymentProviderRedirectResult(AdyenRedirectResultProcessorImpl.java:91)
	at com.sfl.pms.services.payment.redirect.impl.PaymentProviderRedirectResultProcessingServiceImpl.processPaymentProviderRedirectResult(PaymentProviderRedirectResultProcessingServiceImpl.java:61)
	at com.sfl.pms.services.payment.redirect.PaymentProviderRedirectResultProcessingServiceIntegrationTest.testProcessPaymentProviderRedirectResultForPaymentMethodAuthorizationPayment(PaymentProviderRedirectResultProcessingServiceIntegrationTest.java:75)
</error>
    <system-out>2017-01-26 11:43:41,590 INFO  [main] org.springframework.test.context.support.AbstractTestContextBootstrapper.instantiateListeners(AbstractTestContextBootstrapper.java:207) - Could not instantiate TestExecutionListener [org.springframework.test.context.web.ServletTestExecutionListener]. Specify custom listener classes or make the default listener classes (and their required dependencies) available. Offending class: [javax/servlet/ServletContext] 
2017-01-26 11:43:41,590 INFO  [main] org.springframework.test.context.support.AbstractTestContextBootstrapper.getTestExecutionListeners(AbstractTestContextBootstrapper.java:185) - Using TestExecutionListeners: [org.springframework.test.context.support.DirtiesContextBeforeModesTestExecutionListener@ba77dc6, org.springframework.test.context.support.DependencyInjectionTestExecutionListener@14f05ca0, org.springframework.test.context.support.DirtiesContextTestExecutionListener@4ce1ab4c, org.springframework.test.context.transaction.TransactionalTestExecutionListener@3c62bae5, org.springframework.test.context.jdbc.SqlScriptsTestExecutionListener@c9ba9e2] 
2017-01-26 11:43:41,599 INFO  [main] org.springframework.aop.framework.CglibAopProxy.doValidateClass(CglibAopProxy.java:264) - Unable to proxy method [public final void org.springframework.test.context.junit4.AbstractJUnit4SpringContextTests.setApplicationContext(org.springframework.context.ApplicationContext)] because it is final: All calls to this method via a proxy will NOT be routed to the target instance. 
2017-01-26 11:43:41,605 INFO  [main] org.jdbcdslog.ConnectionLogger.info(ConnectionLogger.java:10) - connect to URL jdbc:hsqldb:mem:ms_payment;shutdown=true for user SA 
2017-01-26 11:43:41,605 INFO  [main] org.springframework.test.context.transaction.TransactionContext.startTransaction(TransactionContext.java:101) - Began transaction (1) for test context [DefaultTestContext@676c3745 testClass = PaymentProviderRedirectResultProcessingServiceIntegrationTest, testInstance = com.sfl.pms.services.payment.redirect.PaymentProviderRedirectResultProcessingServiceIntegrationTest@6cbbfe03, testMethod = testProcessPaymentProviderRedirectResultForPaymentMethodAuthorizationPayment@PaymentProviderRedirectResultProcessingServiceIntegrationTest, testException = [null], mergedContextConfiguration = [MergedContextConfiguration@1a18e18d testClass = PaymentProviderRedirectResultProcessingServiceIntegrationTest, locations = '{classpath:applicationContext-services-integrationtest.xml}', classes = '{}', contextInitializerClasses = '[]', activeProfiles = '{}', propertySourceLocations = '{}', propertySourceProperties = '{}', contextLoader = 'org.springframework.test.context.support.DelegatingSmartContextLoader', parent = [null]]]; transaction manager [org.springframework.orm.jpa.JpaTransactionManager@2c16677c]; rollback [true] 
Hibernate: select customer0_.id as id1_0_, customer0_.created as created2_0_, customer0_.removed as removed3_0_, customer0_.updated as updated4_0_, customer0_.email as email5_0_, customer0_.uuid as uuid6_0_ from customer customer0_ where customer0_.uuid=?
2017-01-26 11:43:41,606 INFO  [main] org.jdbcdslog.StatementLogger.info(StatementLogger.java:10) - select customer0_.id as id1_0_, customer0_.created as created2_0_, customer0_.removed as removed3_0_, customer0_.updated as updated4_0_, customer0_.email as email5_0_, customer0_.uuid as uuid6_0_ from customer customer0_ where customer0_.uuid='b38a5840-614a-4f5a-9346-37919aa41380'; 
Hibernate: insert into customer (id, created, removed, updated, email, uuid) values (default, ?, ?, ?, ?, ?)
2017-01-26 11:43:41,607 INFO  [main] org.jdbcdslog.StatementLogger.info(StatementLogger.java:10) - insert into customer (id, created, removed, updated, email, uuid) values (default, to_timestamp('2017-01-26 11:43:41.000', 'yyyy-MM-dd hh24:mi:ss.ff3'), null, to_timestamp('2017-01-26 11:43:41.000', 'yyyy-MM-dd hh24:mi:ss.ff3'), 'dummy@dummy.com', 'b38a5840-614a-4f5a-9346-37919aa41380'); 
2017-01-26 11:43:41,607 INFO  [main] org.jdbcdslog.ResultSetLogger.info(ResultSetLogger.java:10) - java.sql.ResultSet.next {116} 
Hibernate: insert into payment_method_customer_auth_request (id, created, removed, updated, uuid, client_ip_address, currency, customer_id, payment_provider_integration_type, payment_provider_type, payment_redirect_url, state, type) values (default, ?, ?, ?, ?, ?, ?, ?, ?, ?, ?, ?, 'ENCRYPTED_PAYMENT_METHOD')
2017-01-26 11:43:41,608 INFO  [main] org.jdbcdslog.StatementLogger.info(StatementLogger.java:10) - insert into payment_method_customer_auth_request (id, created, removed, updated, uuid, client_ip_address, currency, customer_id, payment_provider_integration_type, payment_provider_type, payment_redirect_url, state, type) values (default, to_timestamp('2017-01-26 11:43:41.000', 'yyyy-MM-dd hh24:mi:ss.ff3'), null, to_timestamp('2017-01-26 11:43:41.000', 'yyyy-MM-dd hh24:mi:ss.ff3'), 'c3c8b38c-8cf4-4d27-b7dd-d4d1e8b1b7e6', '127.0.0.1', 'EUR', 116, 'API', 'ADYEN', null, 'CREATED', 'ENCRYPTED_PAYMENT_METHOD'); 
2017-01-26 11:43:41,608 INFO  [main] org.jdbcdslog.ResultSetLogger.info(ResultSetLogger.java:10) - java.sql.ResultSet.next {89} 
Hibernate: insert into payment_method_customer_auth_encrypted_request (encrypted_data, payment_method_group, id) values (?, ?, ?)
2017-01-26 11:43:41,608 INFO  [main] org.jdbcdslog.StatementLogger.info(StatementLogger.java:10) - insert into payment_method_customer_auth_encrypted_request (encrypted_data, payment_method_group, id) values ('veerrrryvveeerrrryscaryencrypteddata', 'CARD', 89); 
Hibernate: select customerpa0_.id as id2_5_, customerpa0_1_.created as created3_5_, customerpa0_1_.removed as removed4_5_, customerpa0_1_.updated as updated5_5_, customerpa0_1_.uuid as uuid6_5_, customerpa0_1_.amount as amount7_5_, customerpa0_1_.client_ip_address as client_i8_5_, customerpa0_1_.confirmed_payment_method_type as confirme9_5_, customerpa0_1_.currency as currenc10_5_, customerpa0_1_.customer_id as custome16_5_, customerpa0_1_.last_state as last_st11_5_, customerpa0_1_.payment_method_surcharge as payment12_5_, customerpa0_1_.payment_provider_type as payment13_5_, customerpa0_1_.payment_total_amount as payment14_5_, customerpa0_1_.store_payment_method as store_p15_5_, customerpa0_1_.type as type1_5_, customerpa0_.auth_request_id as auth_req2_7_ from payment_authorization customerpa0_ inner join payment customerpa0_1_ on customerpa0_.id=customerpa0_1_.id where customerpa0_.auth_request_id=?
2017-01-26 11:43:41,609 INFO  [main] org.jdbcdslog.StatementLogger.info(StatementLogger.java:10) - select customerpa0_.id as id2_5_, customerpa0_1_.created as created3_5_, customerpa0_1_.removed as removed4_5_, customerpa0_1_.updated as updated5_5_, customerpa0_1_.uuid as uuid6_5_, customerpa0_1_.amount as amount7_5_, customerpa0_1_.client_ip_address as client_i8_5_, customerpa0_1_.confirmed_payment_method_type as confirme9_5_, customerpa0_1_.currency as currenc10_5_, customerpa0_1_.customer_id as custome16_5_, customerpa0_1_.last_state as last_st11_5_, customerpa0_1_.payment_method_surcharge as payment12_5_, customerpa0_1_.payment_provider_type as payment13_5_, customerpa0_1_.payment_total_amount as payment14_5_, customerpa0_1_.store_payment_method as store_p15_5_, customerpa0_1_.type as type1_5_, customerpa0_.auth_request_id as auth_req2_7_ from payment_authorization customerpa0_ inner join payment customerpa0_1_ on customerpa0_.id=customerpa0_1_.id where customerpa0_.auth_request_id=89; 
Hibernate: insert into payment (id, created, removed, updated, uuid, amount, client_ip_address, confirmed_payment_method_type, currency, customer_id, last_state, payment_method_surcharge, payment_provider_type, payment_total_amount, store_payment_method, type) values (default, ?, ?, ?, ?, ?, ?, ?, ?, ?, ?, ?, ?, ?, ?, 'PAYMENT_METHOD_AUTHORIZATION')
2017-01-26 11:43:41,610 INFO  [main] org.jdbcdslog.StatementLogger.info(StatementLogger.java:10) - insert into payment (id, created, removed, updated, uuid, amount, client_ip_address, confirmed_payment_method_type, currency, customer_id, last_state, payment_method_surcharge, payment_provider_type, payment_total_amount, store_payment_method, type) values (default, to_timestamp('2017-01-26 11:43:41.000', 'yyyy-MM-dd hh24:mi:ss.ff3'), null, to_timestamp('2017-01-26 11:43:41.000', 'yyyy-MM-dd hh24:mi:ss.ff3'), '3f1b2307-a975-470e-bef9-324361fb0c54', 10, '127.0.0.1', null, 'EUR', 116, 'CREATED', 0, 'ADYEN', 10, Y, 'PAYMENT_METHOD_AUTHORIZATION'); 
2017-01-26 11:43:41,611 INFO  [main] org.jdbcdslog.ResultSetLogger.info(ResultSetLogger.java:10) - java.sql.ResultSet.next {43} 
Hibernate: insert into payment_authorization (auth_request_id, id) values (?, ?)
2017-01-26 11:43:41,611 INFO  [main] org.jdbcdslog.StatementLogger.info(StatementLogger.java:10) - insert into payment_authorization (auth_request_id, id) values (89, 43); 
Hibernate: insert into payment_processing_channel (id, created, removed, updated, payment_id, payment_provider_integration_type, type) values (default, ?, ?, ?, ?, ?, 'ENCRYPTED_PAYMENT_METHOD')
2017-01-26 11:43:41,612 INFO  [main] org.jdbcdslog.StatementLogger.info(StatementLogger.java:10) - insert into payment_processing_channel (id, created, removed, updated, payment_id, payment_provider_integration_type, type) values (default, to_timestamp('2017-01-26 11:43:41.000', 'yyyy-MM-dd hh24:mi:ss.ff3'), null, to_timestamp('2017-01-26 11:43:41.000', 'yyyy-MM-dd hh24:mi:ss.ff3'), 43, 'API', 'ENCRYPTED_PAYMENT_METHOD'); 
2017-01-26 11:43:41,612 INFO  [main] org.jdbcdslog.ResultSetLogger.info(ResultSetLogger.java:10) - java.sql.ResultSet.next {43} 
Hibernate: insert into payment_processing_channel_encrypted_method (encrypted_data, id) values (?, ?)
2017-01-26 11:43:41,612 INFO  [main] org.jdbcdslog.StatementLogger.info(StatementLogger.java:10) - insert into payment_processing_channel_encrypted_method (encrypted_data, id) values ('veerrrryvveeerrrryscaryencrypteddata', 43); 
Hibernate: insert into payment_state_change_history_record (id, created, removed, updated, information, initial_state, payment_id, updated_state) values (default, ?, ?, ?, ?, ?, ?, ?)
2017-01-26 11:43:41,613 INFO  [main] org.jdbcdslog.StatementLogger.info(StatementLogger.java:10) - insert into payment_state_change_history_record (id, created, removed, updated, information, initial_state, payment_id, updated_state) values (default, to_timestamp('2017-01-26 11:43:41.000', 'yyyy-MM-dd hh24:mi:ss.ff3'), null, to_timestamp('2017-01-26 11:43:41.000', 'yyyy-MM-dd hh24:mi:ss.ff3'), null, null, 43, 'CREATED'); 
2017-01-26 11:43:41,614 INFO  [main] org.jdbcdslog.ResultSetLogger.info(ResultSetLogger.java:10) - java.sql.ResultSet.next {49} 
Hibernate: select adyenpayme0_.id as id2_30_, adyenpayme0_1_.created as created3_30_, adyenpayme0_1_.removed as removed4_30_, adyenpayme0_1_.updated as updated5_30_, adyenpayme0_1_.environment_type as environm6_30_, adyenpayme0_1_.notifications_token as notifica7_30_, adyenpayme0_1_.password as password8_30_, adyenpayme0_1_.type as type1_30_, adyenpayme0_1_.username as username9_30_, adyenpayme0_.default_country as default_1_31_, adyenpayme0_.default_locale as default_2_31_, adyenpayme0_.hpp_payment_method_selection_url as hpp_paym3_31_, adyenpayme0_.hpp_payment_url as hpp_paym4_31_, adyenpayme0_.merchant_account as merchant5_31_, adyenpayme0_.skin_code as skin_cod6_31_, adyenpayme0_.skin_hmac_key as skin_hma7_31_ from payment_provider_settings_adyen adyenpayme0_ inner join payment_provider_settings adyenpayme0_1_ on adyenpayme0_.id=adyenpayme0_1_.id where adyenpayme0_1_.type=? and adyenpayme0_1_.environment_type=?
2017-01-26 11:43:41,615 INFO  [main] org.jdbcdslog.StatementLogger.info(StatementLogger.java:10) - select adyenpayme0_.id as id2_30_, adyenpayme0_1_.created as created3_30_, adyenpayme0_1_.removed as removed4_30_, adyenpayme0_1_.updated as updated5_30_, adyenpayme0_1_.environment_type as environm6_30_, adyenpayme0_1_.notifications_token as notifica7_30_, adyenpayme0_1_.password as password8_30_, adyenpayme0_1_.type as type1_30_, adyenpayme0_1_.username as username9_30_, adyenpayme0_.default_country as default_1_31_, adyenpayme0_.default_locale as default_2_31_, adyenpayme0_.hpp_payment_method_selection_url as hpp_paym3_31_, adyenpayme0_.hpp_payment_url as hpp_paym4_31_, adyenpayme0_.merchant_account as merchant5_31_, adyenpayme0_.skin_code as skin_cod6_31_, adyenpayme0_.skin_hmac_key as skin_hma7_31_ from payment_provider_settings_adyen adyenpayme0_ inner join payment_provider_settings adyenpayme0_1_ on adyenpayme0_.id=adyenpayme0_1_.id where adyenpayme0_1_.type='ADYEN' and adyenpayme0_1_.environment_type='TEST'; 
Hibernate: insert into payment_provider_settings (id, created, removed, updated, environment_type, notifications_token, password, username, type) values (default, ?, ?, ?, ?, ?, ?, ?, 'ADYEN')
2017-01-26 11:43:41,616 INFO  [main] org.jdbcdslog.StatementLogger.info(StatementLogger.java:10) - insert into payment_provider_settings (id, created, removed, updated, environment_type, notifications_token, password, username, type) values (default, to_timestamp('2017-01-26 11:43:41.000', 'yyyy-MM-dd hh24:mi:ss.ff3'), null, to_timestamp('2017-01-26 11:43:41.000', 'yyyy-MM-dd hh24:mi:ss.ff3'), 'TEST', 'HVFJFJFDRJRTYRETDTIF^FJXDXKTY'||chr(38)||'TOYGYTFTYDRDTYRRDTYTYLUYGYUFITYFOYFITD^%DTCRXURDDTRXTKYFOTFLYFTDTICTRJ', 'sfl123456', 'sfl', 'ADYEN'); 
2017-01-26 11:43:41,616 INFO  [main] org.jdbcdslog.ResultSetLogger.info(ResultSetLogger.java:10) - java.sql.ResultSet.next {8} 
Hibernate: insert into payment_provider_settings_adyen (default_country, default_locale, hpp_payment_method_selection_url, hpp_payment_url, merchant_account, skin_code, skin_hmac_key, id) values (?, ?, ?, ?, ?, ?, ?, ?)
2017-01-26 11:43:41,616 INFO  [main] org.jdbcdslog.StatementLogger.info(StatementLogger.java:10) - insert into payment_provider_settings_adyen (default_country, default_locale, hpp_payment_method_selection_url, hpp_payment_url, merchant_account, skin_code, skin_hmac_key, id) values ('NL', 'nl-NL', 'https://test.adyen.com/hpp/pay.shtml', 'https://test.adyen.com/hpp/pay.shtml', 'BlueInktNL', '7eNyxPhj', 'F43B5DED28093CA8FE8255340FDAE6BA51CA77E538017DF407D1A8728BFA1E91', 8); 
Hibernate: select adyenpayme0_.id as id2_30_, adyenpayme0_1_.created as created3_30_, adyenpayme0_1_.removed as removed4_30_, adyenpayme0_1_.updated as updated5_30_, adyenpayme0_1_.environment_type as environm6_30_, adyenpayme0_1_.notifications_token as notifica7_30_, adyenpayme0_1_.password as password8_30_, adyenpayme0_1_.type as type1_30_, adyenpayme0_1_.username as username9_30_, adyenpayme0_.default_country as default_1_31_, adyenpayme0_.default_locale as default_2_31_, adyenpayme0_.hpp_payment_method_selection_url as hpp_paym3_31_, adyenpayme0_.hpp_payment_url as hpp_paym4_31_, adyenpayme0_.merchant_account as merchant5_31_, adyenpayme0_.skin_code as skin_cod6_31_, adyenpayme0_.skin_hmac_key as skin_hma7_31_ from payment_provider_settings_adyen adyenpayme0_ inner join payment_provider_settings adyenpayme0_1_ on adyenpayme0_.id=adyenpayme0_1_.id where adyenpayme0_1_.type=? and adyenpayme0_1_.environment_type=?
2017-01-26 11:43:41,617 INFO  [main] org.jdbcdslog.StatementLogger.info(StatementLogger.java:10) - select adyenpayme0_.id as id2_30_, adyenpayme0_1_.created as created3_30_, adyenpayme0_1_.removed as removed4_30_, adyenpayme0_1_.updated as updated5_30_, adyenpayme0_1_.environment_type as environm6_30_, adyenpayme0_1_.notifications_token as notifica7_30_, adyenpayme0_1_.password as password8_30_, adyenpayme0_1_.type as type1_30_, adyenpayme0_1_.username as username9_30_, adyenpayme0_.default_country as default_1_31_, adyenpayme0_.default_locale as default_2_31_, adyenpayme0_.hpp_payment_method_selection_url as hpp_paym3_31_, adyenpayme0_.hpp_payment_url as hpp_paym4_31_, adyenpayme0_.merchant_account as merchant5_31_, adyenpayme0_.skin_code as skin_cod6_31_, adyenpayme0_.skin_hmac_key as skin_hma7_31_ from payment_provider_settings_adyen adyenpayme0_ inner join payment_provider_settings adyenpayme0_1_ on adyenpayme0_.id=adyenpayme0_1_.id where adyenpayme0_1_.type='ADYEN' and adyenpayme0_1_.environment_type='TEST'; 
2017-01-26 11:43:41,618 INFO  [main] org.jdbcdslog.ResultSetLogger.info(ResultSetLogger.java:10) - java.sql.ResultSet.next {8, to_timestamp('2017-01-26 11:43:41.000', 'yyyy-MM-dd hh24:mi:ss.ff3'), null, to_timestamp('2017-01-26 11:43:41.000', 'yyyy-MM-dd hh24:mi:ss.ff3'), 'TEST', 'HVFJFJFDRJRTYRETDTIF^FJXDXKTY'||chr(38)||'TOYGYTFTYDRDTYRRDTYTYLUYGYUFITYFOYFITD^%DTCRXURDDTRXTKYFOTFLYFTDTICTRJ', 'sfl123456', 'ADYEN', 'sfl', 'NL', 'nl-NL', 'https://test.adyen.com/hpp/pay.shtml', 'https://test.adyen.com/hpp/pay.shtml', 'BlueInktNL', '7eNyxPhj', 'F43B5DED28093CA8FE8255340FDAE6BA51CA77E538017DF407D1A8728BFA1E91'} 
Hibernate: insert into payment_redirect_result (id, created, removed, updated, uuid, payment_id, state, type) values (default, ?, ?, ?, ?, ?, ?, 'ADYEN')
2017-01-26 11:43:41,619 INFO  [main] org.jdbcdslog.StatementLogger.info(StatementLogger.java:10) - insert into payment_redirect_result (id, created, removed, updated, uuid, payment_id, state, type) values (default, to_timestamp('2017-01-26 11:43:41.000', 'yyyy-MM-dd hh24:mi:ss.ff3'), null, to_timestamp('2017-01-26 11:43:41.000', 'yyyy-MM-dd hh24:mi:ss.ff3'), 'a1b05258-0a17-48b2-8ad1-72530d0277cf', null, 'CREATED', 'ADYEN'); 
2017-01-26 11:43:41,619 INFO  [main] org.jdbcdslog.ResultSetLogger.info(ResultSetLogger.java:10) - java.sql.ResultSet.next {8} 
Hibernate: insert into payment_redirect_result_adyen (auth_result, merchant_reference, merchant_return_data, merchant_sig, payment_method, psp_reference, shopper_locale, skin_code, id) values (?, ?, ?, ?, ?, ?, ?, ?, ?)
2017-01-26 11:43:41,619 INFO  [main] org.jdbcdslog.StatementLogger.info(StatementLogger.java:10) - insert into payment_redirect_result_adyen (auth_result, merchant_reference, merchant_return_data, merchant_sig, payment_method, psp_reference, shopper_locale, skin_code, id) values ('AUTHORISED', '3f1b2307-a975-470e-bef9-324361fb0c54', '3f1b2307-a975-470e-bef9-324361fb0c54', '72xmtI+Geu+HLu1Lo7pB0BlS/c2ckJkaOhe9Jdxut7k=', 'ideal', null, null, '7eNyxPhj', 8); 
Hibernate: select paymentpro0_.id as id2_32_0_, paymentpro0_.created as created3_32_0_, paymentpro0_.removed as removed4_32_0_, paymentpro0_.updated as updated5_32_0_, paymentpro0_.uuid as uuid6_32_0_, paymentpro0_.payment_id as payment_8_32_0_, paymentpro0_.state as state7_32_0_, paymentpro0_.type as type1_32_0_, paymentpro0_1_.auth_result as auth_res1_33_0_, paymentpro0_1_.merchant_reference as merchant2_33_0_, paymentpro0_1_.merchant_return_data as merchant3_33_0_, paymentpro0_1_.merchant_sig as merchant4_33_0_, paymentpro0_1_.payment_method as payment_5_33_0_, paymentpro0_1_.psp_reference as psp_refe6_33_0_, paymentpro0_1_.shopper_locale as shopper_7_33_0_, paymentpro0_1_.skin_code as skin_cod8_33_0_ from payment_redirect_result paymentpro0_ left outer join payment_redirect_result_adyen paymentpro0_1_ on paymentpro0_.id=paymentpro0_1_.id where paymentpro0_.id=? for update
2017-01-26 11:43:41,621 INFO  [main] org.jdbcdslog.StatementLogger.info(StatementLogger.java:10) - select paymentpro0_.id as id2_32_0_, paymentpro0_.created as created3_32_0_, paymentpro0_.removed as removed4_32_0_, paymentpro0_.updated as updated5_32_0_, paymentpro0_.uuid as uuid6_32_0_, paymentpro0_.payment_id as payment_8_32_0_, paymentpro0_.state as state7_32_0_, paymentpro0_.type as type1_32_0_, paymentpro0_1_.auth_result as auth_res1_33_0_, paymentpro0_1_.merchant_reference as merchant2_33_0_, paymentpro0_1_.merchant_return_data as merchant3_33_0_, paymentpro0_1_.merchant_sig as merchant4_33_0_, paymentpro0_1_.payment_method as payment_5_33_0_, paymentpro0_1_.psp_reference as psp_refe6_33_0_, paymentpro0_1_.shopper_locale as shopper_7_33_0_, paymentpro0_1_.skin_code as skin_cod8_33_0_ from payment_redirect_result paymentpro0_ left outer join payment_redirect_result_adyen paymentpro0_1_ on paymentpro0_.id=paymentpro0_1_.id where paymentpro0_.id=8 for update; 
2017-01-26 11:43:41,622 INFO  [main] org.jdbcdslog.ResultSetLogger.info(ResultSetLogger.java:10) - java.sql.ResultSet.next {8, to_timestamp('2017-01-26 11:43:41.000', 'yyyy-MM-dd hh24:mi:ss.ff3'), null, to_timestamp('2017-01-26 11:43:41.000', 'yyyy-MM-dd hh24:mi:ss.ff3'), 'a1b05258-0a17-48b2-8ad1-72530d0277cf', null, 'CREATED', 'ADYEN', 'AUTHORISED', '3f1b2307-a975-470e-bef9-324361fb0c54', '3f1b2307-a975-470e-bef9-324361fb0c54', '72xmtI+Geu+HLu1Lo7pB0BlS/c2ckJkaOhe9Jdxut7k=', 'ideal', null, null, '7eNyxPhj'} 
Hibernate: select adyenpayme0_.id as id2_30_, adyenpayme0_1_.created as created3_30_, adyenpayme0_1_.removed as removed4_30_, adyenpayme0_1_.updated as updated5_30_, adyenpayme0_1_.environment_type as environm6_30_, adyenpayme0_1_.notifications_token as notifica7_30_, adyenpayme0_1_.password as password8_30_, adyenpayme0_1_.type as type1_30_, adyenpayme0_1_.username as username9_30_, adyenpayme0_.default_country as default_1_31_, adyenpayme0_.default_locale as default_2_31_, adyenpayme0_.hpp_payment_method_selection_url as hpp_paym3_31_, adyenpayme0_.hpp_payment_url as hpp_paym4_31_, adyenpayme0_.merchant_account as merchant5_31_, adyenpayme0_.skin_code as skin_cod6_31_, adyenpayme0_.skin_hmac_key as skin_hma7_31_ from payment_provider_settings_adyen adyenpayme0_ inner join payment_provider_settings adyenpayme0_1_ on adyenpayme0_.id=adyenpayme0_1_.id where adyenpayme0_1_.type=? and adyenpayme0_1_.environment_type=?
2017-01-26 11:43:41,624 INFO  [main] org.jdbcdslog.StatementLogger.info(StatementLogger.java:10) - select adyenpayme0_.id as id2_30_, adyenpayme0_1_.created as created3_30_, adyenpayme0_1_.removed as removed4_30_, adyenpayme0_1_.updated as updated5_30_, adyenpayme0_1_.environment_type as environm6_30_, adyenpayme0_1_.notifications_token as notifica7_30_, adyenpayme0_1_.password as password8_30_, adyenpayme0_1_.type as type1_30_, adyenpayme0_1_.username as username9_30_, adyenpayme0_.default_country as default_1_31_, adyenpayme0_.default_locale as default_2_31_, adyenpayme0_.hpp_payment_method_selection_url as hpp_paym3_31_, adyenpayme0_.hpp_payment_url as hpp_paym4_31_, adyenpayme0_.merchant_account as merchant5_31_, adyenpayme0_.skin_code as skin_cod6_31_, adyenpayme0_.skin_hmac_key as skin_hma7_31_ from payment_provider_settings_adyen adyenpayme0_ inner join payment_provider_settings adyenpayme0_1_ on adyenpayme0_.id=adyenpayme0_1_.id where adyenpayme0_1_.type='ADYEN' and adyenpayme0_1_.environment_type='TEST'; 
2017-01-26 11:43:41,624 INFO  [main] org.jdbcdslog.ResultSetLogger.info(ResultSetLogger.java:10) - java.sql.ResultSet.next {8, to_timestamp('2017-01-26 11:43:41.000', 'yyyy-MM-dd hh24:mi:ss.ff3'), null, to_timestamp('2017-01-26 11:43:41.000', 'yyyy-MM-dd hh24:mi:ss.ff3'), 'TEST', 'HVFJFJFDRJRTYRETDTIF^FJXDXKTY'||chr(38)||'TOYGYTFTYDRDTYRRDTYTYLUYGYUFITYFOYFITD^%DTCRXURDDTRXTKYFOTFLYFTDTICTRJ', 'sfl123456', 'ADYEN', 'sfl', 'NL', 'nl-NL', 'https://test.adyen.com/hpp/pay.shtml', 'https://test.adyen.com/hpp/pay.shtml', 'BlueInktNL', '7eNyxPhj', 'F43B5DED28093CA8FE8255340FDAE6BA51CA77E538017DF407D1A8728BFA1E91'} 
Hibernate: select payment0_.id as id2_5_, payment0_.created as created3_5_, payment0_.removed as removed4_5_, payment0_.updated as updated5_5_, payment0_.uuid as uuid6_5_, payment0_.amount as amount7_5_, payment0_.client_ip_address as client_i8_5_, payment0_.confirmed_payment_method_type as confirme9_5_, payment0_.currency as currenc10_5_, payment0_.customer_id as custome16_5_, payment0_.last_state as last_st11_5_, payment0_.payment_method_surcharge as payment12_5_, payment0_.payment_provider_type as payment13_5_, payment0_.payment_total_amount as payment14_5_, payment0_.store_payment_method as store_p15_5_, payment0_.type as type1_5_, payment0_1_.auth_request_id as auth_req2_7_, payment0_2_.order_id as order_id2_19_ from payment payment0_ left outer join payment_authorization payment0_1_ on payment0_.id=payment0_1_.id left outer join payment_order payment0_2_ on payment0_.id=payment0_2_.id where payment0_.uuid=?
2017-01-26 11:43:41,625 INFO  [main] org.jdbcdslog.StatementLogger.info(StatementLogger.java:10) - select payment0_.id as id2_5_, payment0_.created as created3_5_, payment0_.removed as removed4_5_, payment0_.updated as updated5_5_, payment0_.uuid as uuid6_5_, payment0_.amount as amount7_5_, payment0_.client_ip_address as client_i8_5_, payment0_.confirmed_payment_method_type as confirme9_5_, payment0_.currency as currenc10_5_, payment0_.customer_id as custome16_5_, payment0_.last_state as last_st11_5_, payment0_.payment_method_surcharge as payment12_5_, payment0_.payment_provider_type as payment13_5_, payment0_.payment_total_amount as payment14_5_, payment0_.store_payment_method as store_p15_5_, payment0_.type as type1_5_, payment0_1_.auth_request_id as auth_req2_7_, payment0_2_.order_id as order_id2_19_ from payment payment0_ left outer join payment_authorization payment0_1_ on payment0_.id=payment0_1_.id left outer join payment_order payment0_2_ on payment0_.id=payment0_2_.id where payment0_.uuid='3f1b2307-a975-470e-bef9-324361fb0c54'; 
2017-01-26 11:43:41,625 INFO  [main] org.jdbcdslog.ResultSetLogger.info(ResultSetLogger.java:10) - java.sql.ResultSet.next {43, to_timestamp('2017-01-26 11:43:41.000', 'yyyy-MM-dd hh24:mi:ss.ff3'), null, to_timestamp('2017-01-26 11:43:41.000', 'yyyy-MM-dd hh24:mi:ss.ff3'), '3f1b2307-a975-470e-bef9-324361fb0c54', 10.00, '127.0.0.1', null, 'EUR', 116, 'CREATED', 0.00, 'ADYEN', 10.00, Y, 'PAYMENT_METHOD_AUTHORIZATION', 89, null} 
Hibernate: select paymentpro0_.id as id2_22_0_, paymentpro0_.created as created3_22_0_, paymentpro0_.removed as removed4_22_0_, paymentpro0_.updated as updated5_22_0_, paymentpro0_.payment_id as payment_7_22_0_, paymentpro0_.payment_provider_integration_type as payment_6_22_0_, paymentpro0_.type as type1_22_0_, paymentpro0_1_.encrypted_data as encrypte1_25_0_, paymentpro0_2_.payment_method_type as payment_1_26_0_, paymentpro0_4_.customer_payment_method_id as customer2_23_0_ from payment_processing_channel paymentpro0_ left outer join payment_processing_channel_encrypted_method paymentpro0_1_ on paymentpro0_.id=paymentpro0_1_.id left outer join payment_processing_channel_provided_method paymentpro0_2_ on paymentpro0_.id=paymentpro0_2_.id left outer join payment_processing_channel_deferred_method paymentpro0_3_ on paymentpro0_.id=paymentpro0_3_.id left outer join payment_processing_channel_customer_method paymentpro0_4_ on paymentpro0_.id=paymentpro0_4_.id where paymentpro0_.payment_id=?
2017-01-26 11:43:41,626 INFO  [main] org.jdbcdslog.StatementLogger.info(StatementLogger.java:10) - select paymentpro0_.id as id2_22_0_, paymentpro0_.created as created3_22_0_, paymentpro0_.removed as removed4_22_0_, paymentpro0_.updated as updated5_22_0_, paymentpro0_.payment_id as payment_7_22_0_, paymentpro0_.payment_provider_integration_type as payment_6_22_0_, paymentpro0_.type as type1_22_0_, paymentpro0_1_.encrypted_data as encrypte1_25_0_, paymentpro0_2_.payment_method_type as payment_1_26_0_, paymentpro0_4_.customer_payment_method_id as customer2_23_0_ from payment_processing_channel paymentpro0_ left outer join payment_processing_channel_encrypted_method paymentpro0_1_ on paymentpro0_.id=paymentpro0_1_.id left outer join payment_processing_channel_provided_method paymentpro0_2_ on paymentpro0_.id=paymentpro0_2_.id left outer join payment_processing_channel_deferred_method paymentpro0_3_ on paymentpro0_.id=paymentpro0_3_.id left outer join payment_processing_channel_customer_method paymentpro0_4_ on paymentpro0_.id=paymentpro0_4_.id where paymentpro0_.payment_id=43; 
2017-01-26 11:43:41,626 INFO  [main] org.jdbcdslog.ResultSetLogger.info(ResultSetLogger.java:10) - java.sql.ResultSet.next {43, to_timestamp('2017-01-26 11:43:41.000', 'yyyy-MM-dd hh24:mi:ss.ff3'), null, to_timestamp('2017-01-26 11:43:41.000', 'yyyy-MM-dd hh24:mi:ss.ff3'), 43, 'API', 'ENCRYPTED_PAYMENT_METHOD', 'veerrrryvveeerrrryscaryencrypteddata', null, null} 
Hibernate: update payment_redirect_result set created=?, removed=?, updated=?, payment_id=?, state=? where id=?
2017-01-26 11:43:41,628 INFO  [main] org.jdbcdslog.StatementLogger.info(StatementLogger.java:10) - update payment_redirect_result set created=to_timestamp('2017-01-26 11:43:41.000', 'yyyy-MM-dd hh24:mi:ss.ff3'), removed=null, updated=to_timestamp('2017-01-26 11:43:41.000', 'yyyy-MM-dd hh24:mi:ss.ff3'), payment_id=null, state='PROCESSING' where id=8; 
Hibernate: select id from payment where id =? for update
2017-01-26 11:43:41,629 INFO  [main] org.jdbcdslog.StatementLogger.info(StatementLogger.java:10) - select id from payment where id =43 for update; 
2017-01-26 11:43:41,629 INFO  [main] org.jdbcdslog.ResultSetLogger.info(ResultSetLogger.java:10) - java.sql.ResultSet.next {43} 
Hibernate: select encryptedp0_.id as id2_22_0_, encryptedp0_1_.created as created3_22_0_, encryptedp0_1_.removed as removed4_22_0_, encryptedp0_1_.updated as updated5_22_0_, encryptedp0_1_.payment_id as payment_7_22_0_, encryptedp0_1_.payment_provider_integration_type as payment_6_22_0_, encryptedp0_1_.type as type1_22_0_, encryptedp0_.encrypted_data as encrypte1_25_0_ from payment_processing_channel_encrypted_method encryptedp0_ inner join payment_processing_channel encryptedp0_1_ on encryptedp0_.id=encryptedp0_1_.id where encryptedp0_.id=?
2017-01-26 11:43:41,629 INFO  [main] org.jdbcdslog.StatementLogger.info(StatementLogger.java:10) - select encryptedp0_.id as id2_22_0_, encryptedp0_1_.created as created3_22_0_, encryptedp0_1_.removed as removed4_22_0_, encryptedp0_1_.updated as updated5_22_0_, encryptedp0_1_.payment_id as payment_7_22_0_, encryptedp0_1_.payment_provider_integration_type as payment_6_22_0_, encryptedp0_1_.type as type1_22_0_, encryptedp0_.encrypted_data as encrypte1_25_0_ from payment_processing_channel_encrypted_method encryptedp0_ inner join payment_processing_channel encryptedp0_1_ on encryptedp0_.id=encryptedp0_1_.id where encryptedp0_.id=43; 
2017-01-26 11:43:41,630 INFO  [main] org.jdbcdslog.ResultSetLogger.info(ResultSetLogger.java:10) - java.sql.ResultSet.next {43, to_timestamp('2017-01-26 11:43:41.000', 'yyyy-MM-dd hh24:mi:ss.ff3'), null, to_timestamp('2017-01-26 11:43:41.000', 'yyyy-MM-dd hh24:mi:ss.ff3'), 43, 'API', 'ENCRYPTED_PAYMENT_METHOD', 'veerrrryvveeerrrryscaryencrypteddata'} 
Hibernate: select customerpa0_.id as id2_5_1_, customerpa0_1_.created as created3_5_1_, customerpa0_1_.removed as removed4_5_1_, customerpa0_1_.updated as updated5_5_1_, customerpa0_1_.uuid as uuid6_5_1_, customerpa0_1_.amount as amount7_5_1_, customerpa0_1_.client_ip_address as client_i8_5_1_, customerpa0_1_.confirmed_payment_method_type as confirme9_5_1_, customerpa0_1_.currency as currenc10_5_1_, customerpa0_1_.customer_id as custome16_5_1_, customerpa0_1_.last_state as last_st11_5_1_, customerpa0_1_.payment_method_surcharge as payment12_5_1_, customerpa0_1_.payment_provider_type as payment13_5_1_, customerpa0_1_.payment_total_amount as payment14_5_1_, customerpa0_1_.store_payment_method as store_p15_5_1_, customerpa0_1_.type as type1_5_1_, customerpa0_.auth_request_id as auth_req2_7_1_, paymentres1_.payment_id as payment_8_34_3_, paymentres1_.id as id2_34_3_, paymentres1_.id as id2_34_0_, paymentres1_.created as created3_34_0_, paymentres1_.removed as removed4_34_0_, paymentres1_.updated as updated5_34_0_, paymentres1_.notification_id as notifica7_34_0_, paymentres1_.payment_id as payment_8_34_0_, paymentres1_.redirect_result_id as redirect9_34_0_, paymentres1_.status as status6_34_0_, paymentres1_.type as type1_34_0_, paymentres1_1_.auth_code as auth_cod1_6_0_, paymentres1_1_.psp_reference as psp_refe2_6_0_, paymentres1_1_.refusal_reason as refusal_3_6_0_, paymentres1_1_.result_code as result_c4_6_0_ from payment_authorization customerpa0_ inner join payment customerpa0_1_ on customerpa0_.id=customerpa0_1_.id left outer join payment_result paymentres1_ on customerpa0_.id=paymentres1_.payment_id left outer join payment_adyen_result paymentres1_1_ on paymentres1_.id=paymentres1_1_.id where customerpa0_.id=?
2017-01-26 11:43:41,631 INFO  [main] org.jdbcdslog.StatementLogger.info(StatementLogger.java:10) - select customerpa0_.id as id2_5_1_, customerpa0_1_.created as created3_5_1_, customerpa0_1_.removed as removed4_5_1_, customerpa0_1_.updated as updated5_5_1_, customerpa0_1_.uuid as uuid6_5_1_, customerpa0_1_.amount as amount7_5_1_, customerpa0_1_.client_ip_address as client_i8_5_1_, customerpa0_1_.confirmed_payment_method_type as confirme9_5_1_, customerpa0_1_.currency as currenc10_5_1_, customerpa0_1_.customer_id as custome16_5_1_, customerpa0_1_.last_state as last_st11_5_1_, customerpa0_1_.payment_method_surcharge as payment12_5_1_, customerpa0_1_.payment_provider_type as payment13_5_1_, customerpa0_1_.payment_total_amount as payment14_5_1_, customerpa0_1_.store_payment_method as store_p15_5_1_, customerpa0_1_.type as type1_5_1_, customerpa0_.auth_request_id as auth_req2_7_1_, paymentres1_.payment_id as payment_8_34_3_, paymentres1_.id as id2_34_3_, paymentres1_.id as id2_34_0_, paymentres1_.created as created3_34_0_, paymentres1_.removed as removed4_34_0_, paymentres1_.updated as updated5_34_0_, paymentres1_.notification_id as notifica7_34_0_, paymentres1_.payment_id as payment_8_34_0_, paymentres1_.redirect_result_id as redirect9_34_0_, paymentres1_.status as status6_34_0_, paymentres1_.type as type1_34_0_, paymentres1_1_.auth_code as auth_cod1_6_0_, paymentres1_1_.psp_reference as psp_refe2_6_0_, paymentres1_1_.refusal_reason as refusal_3_6_0_, paymentres1_1_.result_code as result_c4_6_0_ from payment_authorization customerpa0_ inner join payment customerpa0_1_ on customerpa0_.id=customerpa0_1_.id left outer join payment_result paymentres1_ on customerpa0_.id=paymentres1_.payment_id left outer join payment_adyen_result paymentres1_1_ on paymentres1_.id=paymentres1_1_.id where customerpa0_.id=43; 
2017-01-26 11:43:41,631 INFO  [main] org.jdbcdslog.ResultSetLogger.info(ResultSetLogger.java:10) - java.sql.ResultSet.next {43, to_timestamp('2017-01-26 11:43:41.000', 'yyyy-MM-dd hh24:mi:ss.ff3'), null, to_timestamp('2017-01-26 11:43:41.000', 'yyyy-MM-dd hh24:mi:ss.ff3'), '3f1b2307-a975-470e-bef9-324361fb0c54', 10.00, '127.0.0.1', null, 'EUR', 116, 'CREATED', 0.00, 'ADYEN', 10.00, Y, 'PAYMENT_METHOD_AUTHORIZATION', 89, null, null, null, null, null, null, null, null, null, null, null, null, null, null, null} 
Hibernate: select paymentpro0_.id as id2_22_0_, paymentpro0_.created as created3_22_0_, paymentpro0_.removed as removed4_22_0_, paymentpro0_.updated as updated5_22_0_, paymentpro0_.payment_id as payment_7_22_0_, paymentpro0_.payment_provider_integration_type as payment_6_22_0_, paymentpro0_.type as type1_22_0_, paymentpro0_1_.encrypted_data as encrypte1_25_0_, paymentpro0_2_.payment_method_type as payment_1_26_0_, paymentpro0_4_.customer_payment_method_id as customer2_23_0_ from payment_processing_channel paymentpro0_ left outer join payment_processing_channel_encrypted_method paymentpro0_1_ on paymentpro0_.id=paymentpro0_1_.id left outer join payment_processing_channel_provided_method paymentpro0_2_ on paymentpro0_.id=paymentpro0_2_.id left outer join payment_processing_channel_deferred_method paymentpro0_3_ on paymentpro0_.id=paymentpro0_3_.id left outer join payment_processing_channel_customer_method paymentpro0_4_ on paymentpro0_.id=paymentpro0_4_.id where paymentpro0_.payment_id=?
2017-01-26 11:43:41,632 INFO  [main] org.jdbcdslog.StatementLogger.info(StatementLogger.java:10) - select paymentpro0_.id as id2_22_0_, paymentpro0_.created as created3_22_0_, paymentpro0_.removed as removed4_22_0_, paymentpro0_.updated as updated5_22_0_, paymentpro0_.payment_id as payment_7_22_0_, paymentpro0_.payment_provider_integration_type as payment_6_22_0_, paymentpro0_.type as type1_22_0_, paymentpro0_1_.encrypted_data as encrypte1_25_0_, paymentpro0_2_.payment_method_type as payment_1_26_0_, paymentpro0_4_.customer_payment_method_id as customer2_23_0_ from payment_processing_channel paymentpro0_ left outer join payment_processing_channel_encrypted_method paymentpro0_1_ on paymentpro0_.id=paymentpro0_1_.id left outer join payment_processing_channel_provided_method paymentpro0_2_ on paymentpro0_.id=paymentpro0_2_.id left outer join payment_processing_channel_deferred_method paymentpro0_3_ on paymentpro0_.id=paymentpro0_3_.id left outer join payment_processing_channel_customer_method paymentpro0_4_ on paymentpro0_.id=paymentpro0_4_.id where paymentpro0_.payment_id=43; 
2017-01-26 11:43:41,632 INFO  [main] org.jdbcdslog.ResultSetLogger.info(ResultSetLogger.java:10) - java.sql.ResultSet.next {43, to_timestamp('2017-01-26 11:43:41.000', 'yyyy-MM-dd hh24:mi:ss.ff3'), null, to_timestamp('2017-01-26 11:43:41.000', 'yyyy-MM-dd hh24:mi:ss.ff3'), 43, 'API', 'ENCRYPTED_PAYMENT_METHOD', 'veerrrryvveeerrrryscaryencrypteddata', null, null} 
Hibernate: update payment set created=?, removed=?, updated=?, amount=?, client_ip_address=?, confirmed_payment_method_type=?, currency=?, customer_id=?, last_state=?, payment_method_surcharge=?, payment_provider_type=?, payment_total_amount=?, store_payment_method=? where id=?
2017-01-26 11:43:41,633 INFO  [main] org.jdbcdslog.StatementLogger.info(StatementLogger.java:10) - update payment set created=to_timestamp('2017-01-26 11:43:41.000', 'yyyy-MM-dd hh24:mi:ss.ff3'), removed=null, updated=to_timestamp('2017-01-26 11:43:41.000', 'yyyy-MM-dd hh24:mi:ss.ff3'), amount=10.00, client_ip_address='127.0.0.1', confirmed_payment_method_type='IDEAL', currency='EUR', customer_id=116, last_state='CREATED', payment_method_surcharge=0.00, payment_provider_type='ADYEN', payment_total_amount=10.00, store_payment_method=Y where id=43; 
Hibernate: update payment_redirect_result set created=?, removed=?, updated=?, payment_id=?, state=? where id=?
2017-01-26 11:43:41,635 INFO  [main] org.jdbcdslog.StatementLogger.info(StatementLogger.java:10) - update payment_redirect_result set created=to_timestamp('2017-01-26 11:43:41.000', 'yyyy-MM-dd hh24:mi:ss.ff3'), removed=null, updated=to_timestamp('2017-01-26 11:43:41.000', 'yyyy-MM-dd hh24:mi:ss.ff3'), payment_id=43, state='PROCESSING' where id=8; 
Hibernate: select id from payment where id =? for update
2017-01-26 11:43:41,636 INFO  [main] org.jdbcdslog.StatementLogger.info(StatementLogger.java:10) - select id from payment where id =43 for update; 
2017-01-26 11:43:41,636 INFO  [main] org.jdbcdslog.ResultSetLogger.info(ResultSetLogger.java:10) - java.sql.ResultSet.next {43} 
Hibernate: select encryptedp0_.id as id2_22_0_, encryptedp0_1_.created as created3_22_0_, encryptedp0_1_.removed as removed4_22_0_, encryptedp0_1_.updated as updated5_22_0_, encryptedp0_1_.payment_id as payment_7_22_0_, encryptedp0_1_.payment_provider_integration_type as payment_6_22_0_, encryptedp0_1_.type as type1_22_0_, encryptedp0_.encrypted_data as encrypte1_25_0_ from payment_processing_channel_encrypted_method encryptedp0_ inner join payment_processing_channel encryptedp0_1_ on encryptedp0_.id=encryptedp0_1_.id where encryptedp0_.id=?
2017-01-26 11:43:41,637 INFO  [main] org.jdbcdslog.StatementLogger.info(StatementLogger.java:10) - select encryptedp0_.id as id2_22_0_, encryptedp0_1_.created as created3_22_0_, encryptedp0_1_.removed as removed4_22_0_, encryptedp0_1_.updated as updated5_22_0_, encryptedp0_1_.payment_id as payment_7_22_0_, encryptedp0_1_.payment_provider_integration_type as payment_6_22_0_, encryptedp0_1_.type as type1_22_0_, encryptedp0_.encrypted_data as encrypte1_25_0_ from payment_processing_channel_encrypted_method encryptedp0_ inner join payment_processing_channel encryptedp0_1_ on encryptedp0_.id=encryptedp0_1_.id where encryptedp0_.id=43; 
2017-01-26 11:43:41,637 INFO  [main] org.jdbcdslog.ResultSetLogger.info(ResultSetLogger.java:10) - java.sql.ResultSet.next {43, to_timestamp('2017-01-26 11:43:41.000', 'yyyy-MM-dd hh24:mi:ss.ff3'), null, to_timestamp('2017-01-26 11:43:41.000', 'yyyy-MM-dd hh24:mi:ss.ff3'), 43, 'API', 'ENCRYPTED_PAYMENT_METHOD', 'veerrrryvveeerrrryscaryencrypteddata'} 
Hibernate: select customerpa0_.id as id2_5_1_, customerpa0_1_.created as created3_5_1_, customerpa0_1_.removed as removed4_5_1_, customerpa0_1_.updated as updated5_5_1_, customerpa0_1_.uuid as uuid6_5_1_, customerpa0_1_.amount as amount7_5_1_, customerpa0_1_.client_ip_address as client_i8_5_1_, customerpa0_1_.confirmed_payment_method_type as confirme9_5_1_, customerpa0_1_.currency as currenc10_5_1_, customerpa0_1_.customer_id as custome16_5_1_, customerpa0_1_.last_state as last_st11_5_1_, customerpa0_1_.payment_method_surcharge as payment12_5_1_, customerpa0_1_.payment_provider_type as payment13_5_1_, customerpa0_1_.payment_total_amount as payment14_5_1_, customerpa0_1_.store_payment_method as store_p15_5_1_, customerpa0_1_.type as type1_5_1_, customerpa0_.auth_request_id as auth_req2_7_1_, paymentres1_.payment_id as payment_8_34_3_, paymentres1_.id as id2_34_3_, paymentres1_.id as id2_34_0_, paymentres1_.created as created3_34_0_, paymentres1_.removed as removed4_34_0_, paymentres1_.updated as updated5_34_0_, paymentres1_.notification_id as notifica7_34_0_, paymentres1_.payment_id as payment_8_34_0_, paymentres1_.redirect_result_id as redirect9_34_0_, paymentres1_.status as status6_34_0_, paymentres1_.type as type1_34_0_, paymentres1_1_.auth_code as auth_cod1_6_0_, paymentres1_1_.psp_reference as psp_refe2_6_0_, paymentres1_1_.refusal_reason as refusal_3_6_0_, paymentres1_1_.result_code as result_c4_6_0_ from payment_authorization customerpa0_ inner join payment customerpa0_1_ on customerpa0_.id=customerpa0_1_.id left outer join payment_result paymentres1_ on customerpa0_.id=paymentres1_.payment_id left outer join payment_adyen_result paymentres1_1_ on paymentres1_.id=paymentres1_1_.id where customerpa0_.id=?
2017-01-26 11:43:41,638 INFO  [main] org.jdbcdslog.StatementLogger.info(StatementLogger.java:10) - select customerpa0_.id as id2_5_1_, customerpa0_1_.created as created3_5_1_, customerpa0_1_.removed as removed4_5_1_, customerpa0_1_.updated as updated5_5_1_, customerpa0_1_.uuid as uuid6_5_1_, customerpa0_1_.amount as amount7_5_1_, customerpa0_1_.client_ip_address as client_i8_5_1_, customerpa0_1_.confirmed_payment_method_type as confirme9_5_1_, customerpa0_1_.currency as currenc10_5_1_, customerpa0_1_.customer_id as custome16_5_1_, customerpa0_1_.last_state as last_st11_5_1_, customerpa0_1_.payment_method_surcharge as payment12_5_1_, customerpa0_1_.payment_provider_type as payment13_5_1_, customerpa0_1_.payment_total_amount as payment14_5_1_, customerpa0_1_.store_payment_method as store_p15_5_1_, customerpa0_1_.type as type1_5_1_, customerpa0_.auth_request_id as auth_req2_7_1_, paymentres1_.payment_id as payment_8_34_3_, paymentres1_.id as id2_34_3_, paymentres1_.id as id2_34_0_, paymentres1_.created as created3_34_0_, paymentres1_.removed as removed4_34_0_, paymentres1_.updated as updated5_34_0_, paymentres1_.notification_id as notifica7_34_0_, paymentres1_.payment_id as payment_8_34_0_, paymentres1_.redirect_result_id as redirect9_34_0_, paymentres1_.status as status6_34_0_, paymentres1_.type as type1_34_0_, paymentres1_1_.auth_code as auth_cod1_6_0_, paymentres1_1_.psp_reference as psp_refe2_6_0_, paymentres1_1_.refusal_reason as refusal_3_6_0_, paymentres1_1_.result_code as result_c4_6_0_ from payment_authorization customerpa0_ inner join payment customerpa0_1_ on customerpa0_.id=customerpa0_1_.id left outer join payment_result paymentres1_ on customerpa0_.id=paymentres1_.payment_id left outer join payment_adyen_result paymentres1_1_ on paymentres1_.id=paymentres1_1_.id where customerpa0_.id=43; 
2017-01-26 11:43:41,639 INFO  [main] org.jdbcdslog.ResultSetLogger.info(ResultSetLogger.java:10) - java.sql.ResultSet.next {43, to_timestamp('2017-01-26 11:43:41.000', 'yyyy-MM-dd hh24:mi:ss.ff3'), null, to_timestamp('2017-01-26 11:43:41.000', 'yyyy-MM-dd hh24:mi:ss.ff3'), '3f1b2307-a975-470e-bef9-324361fb0c54', 10.00, '127.0.0.1', 'IDEAL', 'EUR', 116, 'CREATED', 0.00, 'ADYEN', 10.00, Y, 'PAYMENT_METHOD_AUTHORIZATION', 89, null, null, null, null, null, null, null, null, null, null, null, null, null, null, null} 
Hibernate: select paymentpro0_.id as id2_22_0_, paymentpro0_.created as created3_22_0_, paymentpro0_.removed as removed4_22_0_, paymentpro0_.updated as updated5_22_0_, paymentpro0_.payment_id as payment_7_22_0_, paymentpro0_.payment_provider_integration_type as payment_6_22_0_, paymentpro0_.type as type1_22_0_, paymentpro0_1_.encrypted_data as encrypte1_25_0_, paymentpro0_2_.payment_method_type as payment_1_26_0_, paymentpro0_4_.customer_payment_method_id as customer2_23_0_ from payment_processing_channel paymentpro0_ left outer join payment_processing_channel_encrypted_method paymentpro0_1_ on paymentpro0_.id=paymentpro0_1_.id left outer join payment_processing_channel_provided_method paymentpro0_2_ on paymentpro0_.id=paymentpro0_2_.id left outer join payment_processing_channel_deferred_method paymentpro0_3_ on paymentpro0_.id=paymentpro0_3_.id left outer join payment_processing_channel_customer_method paymentpro0_4_ on paymentpro0_.id=paymentpro0_4_.id where paymentpro0_.payment_id=?
2017-01-26 11:43:41,639 INFO  [main] org.jdbcdslog.StatementLogger.info(StatementLogger.java:10) - select paymentpro0_.id as id2_22_0_, paymentpro0_.created as created3_22_0_, paymentpro0_.removed as removed4_22_0_, paymentpro0_.updated as updated5_22_0_, paymentpro0_.payment_id as payment_7_22_0_, paymentpro0_.payment_provider_integration_type as payment_6_22_0_, paymentpro0_.type as type1_22_0_, paymentpro0_1_.encrypted_data as encrypte1_25_0_, paymentpro0_2_.payment_method_type as payment_1_26_0_, paymentpro0_4_.customer_payment_method_id as customer2_23_0_ from payment_processing_channel paymentpro0_ left outer join payment_processing_channel_encrypted_method paymentpro0_1_ on paymentpro0_.id=paymentpro0_1_.id left outer join payment_processing_channel_provided_method paymentpro0_2_ on paymentpro0_.id=paymentpro0_2_.id left outer join payment_processing_channel_deferred_method paymentpro0_3_ on paymentpro0_.id=paymentpro0_3_.id left outer join payment_processing_channel_customer_method paymentpro0_4_ on paymentpro0_.id=paymentpro0_4_.id where paymentpro0_.payment_id=43; 
2017-01-26 11:43:41,640 INFO  [main] org.jdbcdslog.ResultSetLogger.info(ResultSetLogger.java:10) - java.sql.ResultSet.next {43, to_timestamp('2017-01-26 11:43:41.000', 'yyyy-MM-dd hh24:mi:ss.ff3'), null, to_timestamp('2017-01-26 11:43:41.000', 'yyyy-MM-dd hh24:mi:ss.ff3'), 43, 'API', 'ENCRYPTED_PAYMENT_METHOD', 'veerrrryvveeerrrryscaryencrypteddata', null, null} 
Hibernate: select paymentres0_.id as id2_34_, paymentres0_.created as created3_34_, paymentres0_.removed as removed4_34_, paymentres0_.updated as updated5_34_, paymentres0_.notification_id as notifica7_34_, paymentres0_.payment_id as payment_8_34_, paymentres0_.redirect_result_id as redirect9_34_, paymentres0_.status as status6_34_, paymentres0_.type as type1_34_, paymentres0_1_.auth_code as auth_cod1_6_, paymentres0_1_.psp_reference as psp_refe2_6_, paymentres0_1_.refusal_reason as refusal_3_6_, paymentres0_1_.result_code as result_c4_6_ from payment_result paymentres0_ left outer join payment_adyen_result paymentres0_1_ on paymentres0_.id=paymentres0_1_.id left outer join payment_redirect_result paymentpro1_ on paymentres0_.redirect_result_id=paymentpro1_.id where paymentpro1_.id=?
2017-01-26 11:43:41,641 INFO  [main] org.jdbcdslog.StatementLogger.info(StatementLogger.java:10) - select paymentres0_.id as id2_34_, paymentres0_.created as created3_34_, paymentres0_.removed as removed4_34_, paymentres0_.updated as updated5_34_, paymentres0_.notification_id as notifica7_34_, paymentres0_.payment_id as payment_8_34_, paymentres0_.redirect_result_id as redirect9_34_, paymentres0_.status as status6_34_, paymentres0_.type as type1_34_, paymentres0_1_.auth_code as auth_cod1_6_, paymentres0_1_.psp_reference as psp_refe2_6_, paymentres0_1_.refusal_reason as refusal_3_6_, paymentres0_1_.result_code as result_c4_6_ from payment_result paymentres0_ left outer join payment_adyen_result paymentres0_1_ on paymentres0_.id=paymentres0_1_.id left outer join payment_redirect_result paymentpro1_ on paymentres0_.redirect_result_id=paymentpro1_.id where paymentpro1_.id=8; 
Hibernate: insert into payment_result (id, created, removed, updated, notification_id, payment_id, redirect_result_id, status, type) values (default, ?, ?, ?, ?, ?, ?, ?, 'ADYEN')
2017-01-26 11:43:41,642 INFO  [main] org.jdbcdslog.StatementLogger.info(StatementLogger.java:10) - insert into payment_result (id, created, removed, updated, notification_id, payment_id, redirect_result_id, status, type) values (default, to_timestamp('2017-01-26 11:43:41.000', 'yyyy-MM-dd hh24:mi:ss.ff3'), null, to_timestamp('2017-01-26 11:43:41.000', 'yyyy-MM-dd hh24:mi:ss.ff3'), null, 43, 8, 'PAID', 'ADYEN'); 
2017-01-26 11:43:41,642 INFO  [main] org.jdbcdslog.ResultSetLogger.info(ResultSetLogger.java:10) - java.sql.ResultSet.next {8} 
Hibernate: insert into payment_adyen_result (auth_code, psp_reference, refusal_reason, result_code, id) values (?, ?, ?, ?, ?)
2017-01-26 11:43:41,643 INFO  [main] org.jdbcdslog.StatementLogger.info(StatementLogger.java:10) - insert into payment_adyen_result (auth_code, psp_reference, refusal_reason, result_code, id) values (null, null, null, 'Authorised', 8); 
Hibernate: select id from payment where id =? for update
2017-01-26 11:43:41,643 INFO  [main] org.jdbcdslog.StatementLogger.info(StatementLogger.java:10) - select id from payment where id =43 for update; 
2017-01-26 11:43:41,644 INFO  [main] org.jdbcdslog.ResultSetLogger.info(ResultSetLogger.java:10) - java.sql.ResultSet.next {43} 
Hibernate: select adyenpayme0_.id as id2_34_0_, adyenpayme0_1_.created as created3_34_0_, adyenpayme0_1_.removed as removed4_34_0_, adyenpayme0_1_.updated as updated5_34_0_, adyenpayme0_1_.notification_id as notifica7_34_0_, adyenpayme0_1_.payment_id as payment_8_34_0_, adyenpayme0_1_.redirect_result_id as redirect9_34_0_, adyenpayme0_1_.status as status6_34_0_, adyenpayme0_1_.type as type1_34_0_, adyenpayme0_.auth_code as auth_cod1_6_0_, adyenpayme0_.psp_reference as psp_refe2_6_0_, adyenpayme0_.refusal_reason as refusal_3_6_0_, adyenpayme0_.result_code as result_c4_6_0_ from payment_adyen_result adyenpayme0_ inner join payment_result adyenpayme0_1_ on adyenpayme0_.id=adyenpayme0_1_.id where adyenpayme0_.id=?
2017-01-26 11:43:41,644 INFO  [main] org.jdbcdslog.StatementLogger.info(StatementLogger.java:10) - select adyenpayme0_.id as id2_34_0_, adyenpayme0_1_.created as created3_34_0_, adyenpayme0_1_.removed as removed4_34_0_, adyenpayme0_1_.updated as updated5_34_0_, adyenpayme0_1_.notification_id as notifica7_34_0_, adyenpayme0_1_.payment_id as payment_8_34_0_, adyenpayme0_1_.redirect_result_id as redirect9_34_0_, adyenpayme0_1_.status as status6_34_0_, adyenpayme0_1_.type as type1_34_0_, adyenpayme0_.auth_code as auth_cod1_6_0_, adyenpayme0_.psp_reference as psp_refe2_6_0_, adyenpayme0_.refusal_reason as refusal_3_6_0_, adyenpayme0_.result_code as result_c4_6_0_ from payment_adyen_result adyenpayme0_ inner join payment_result adyenpayme0_1_ on adyenpayme0_.id=adyenpayme0_1_.id where adyenpayme0_.id=8; 
2017-01-26 11:43:41,645 INFO  [main] org.jdbcdslog.ResultSetLogger.info(ResultSetLogger.java:10) - java.sql.ResultSet.next {8, to_timestamp('2017-01-26 11:43:41.000', 'yyyy-MM-dd hh24:mi:ss.ff3'), null, to_timestamp('2017-01-26 11:43:41.000', 'yyyy-MM-dd hh24:mi:ss.ff3'), null, 43, 8, 'PAID', 'ADYEN', null, null, null, 'Authorised'} 
Hibernate: select encryptedp0_.id as id2_22_0_, encryptedp0_1_.created as created3_22_0_, encryptedp0_1_.removed as removed4_22_0_, encryptedp0_1_.updated as updated5_22_0_, encryptedp0_1_.payment_id as payment_7_22_0_, encryptedp0_1_.payment_provider_integration_type as payment_6_22_0_, encryptedp0_1_.type as type1_22_0_, encryptedp0_.encrypted_data as encrypte1_25_0_ from payment_processing_channel_encrypted_method encryptedp0_ inner join payment_processing_channel encryptedp0_1_ on encryptedp0_.id=encryptedp0_1_.id where encryptedp0_.id=?
2017-01-26 11:43:41,645 INFO  [main] org.jdbcdslog.StatementLogger.info(StatementLogger.java:10) - select encryptedp0_.id as id2_22_0_, encryptedp0_1_.created as created3_22_0_, encryptedp0_1_.removed as removed4_22_0_, encryptedp0_1_.updated as updated5_22_0_, encryptedp0_1_.payment_id as payment_7_22_0_, encryptedp0_1_.payment_provider_integration_type as payment_6_22_0_, encryptedp0_1_.type as type1_22_0_, encryptedp0_.encrypted_data as encrypte1_25_0_ from payment_processing_channel_encrypted_method encryptedp0_ inner join payment_processing_channel encryptedp0_1_ on encryptedp0_.id=encryptedp0_1_.id where encryptedp0_.id=43; 
2017-01-26 11:43:41,646 INFO  [main] org.jdbcdslog.ResultSetLogger.info(ResultSetLogger.java:10) - java.sql.ResultSet.next {43, to_timestamp('2017-01-26 11:43:41.000', 'yyyy-MM-dd hh24:mi:ss.ff3'), null, to_timestamp('2017-01-26 11:43:41.000', 'yyyy-MM-dd hh24:mi:ss.ff3'), 43, 'API', 'ENCRYPTED_PAYMENT_METHOD', 'veerrrryvveeerrrryscaryencrypteddata'} 
Hibernate: select customerpa0_.id as id2_5_1_, customerpa0_1_.created as created3_5_1_, customerpa0_1_.removed as removed4_5_1_, customerpa0_1_.updated as updated5_5_1_, customerpa0_1_.uuid as uuid6_5_1_, customerpa0_1_.amount as amount7_5_1_, customerpa0_1_.client_ip_address as client_i8_5_1_, customerpa0_1_.confirmed_payment_method_type as confirme9_5_1_, customerpa0_1_.currency as currenc10_5_1_, customerpa0_1_.customer_id as custome16_5_1_, customerpa0_1_.last_state as last_st11_5_1_, customerpa0_1_.payment_method_surcharge as payment12_5_1_, customerpa0_1_.payment_provider_type as payment13_5_1_, customerpa0_1_.payment_total_amount as payment14_5_1_, customerpa0_1_.store_payment_method as store_p15_5_1_, customerpa0_1_.type as type1_5_1_, customerpa0_.auth_request_id as auth_req2_7_1_, paymentres1_.payment_id as payment_8_34_3_, paymentres1_.id as id2_34_3_, paymentres1_.id as id2_34_0_, paymentres1_.created as created3_34_0_, paymentres1_.removed as removed4_34_0_, paymentres1_.updated as updated5_34_0_, paymentres1_.notification_id as notifica7_34_0_, paymentres1_.payment_id as payment_8_34_0_, paymentres1_.redirect_result_id as redirect9_34_0_, paymentres1_.status as status6_34_0_, paymentres1_.type as type1_34_0_, paymentres1_1_.auth_code as auth_cod1_6_0_, paymentres1_1_.psp_reference as psp_refe2_6_0_, paymentres1_1_.refusal_reason as refusal_3_6_0_, paymentres1_1_.result_code as result_c4_6_0_ from payment_authorization customerpa0_ inner join payment customerpa0_1_ on customerpa0_.id=customerpa0_1_.id left outer join payment_result paymentres1_ on customerpa0_.id=paymentres1_.payment_id left outer join payment_adyen_result paymentres1_1_ on paymentres1_.id=paymentres1_1_.id where customerpa0_.id=?
2017-01-26 11:43:41,647 INFO  [main] org.jdbcdslog.StatementLogger.info(StatementLogger.java:10) - select customerpa0_.id as id2_5_1_, customerpa0_1_.created as created3_5_1_, customerpa0_1_.removed as removed4_5_1_, customerpa0_1_.updated as updated5_5_1_, customerpa0_1_.uuid as uuid6_5_1_, customerpa0_1_.amount as amount7_5_1_, customerpa0_1_.client_ip_address as client_i8_5_1_, customerpa0_1_.confirmed_payment_method_type as confirme9_5_1_, customerpa0_1_.currency as currenc10_5_1_, customerpa0_1_.customer_id as custome16_5_1_, customerpa0_1_.last_state as last_st11_5_1_, customerpa0_1_.payment_method_surcharge as payment12_5_1_, customerpa0_1_.payment_provider_type as payment13_5_1_, customerpa0_1_.payment_total_amount as payment14_5_1_, customerpa0_1_.store_payment_method as store_p15_5_1_, customerpa0_1_.type as type1_5_1_, customerpa0_.auth_request_id as auth_req2_7_1_, paymentres1_.payment_id as payment_8_34_3_, paymentres1_.id as id2_34_3_, paymentres1_.id as id2_34_0_, paymentres1_.created as created3_34_0_, paymentres1_.removed as removed4_34_0_, paymentres1_.updated as updated5_34_0_, paymentres1_.notification_id as notifica7_34_0_, paymentres1_.payment_id as payment_8_34_0_, paymentres1_.redirect_result_id as redirect9_34_0_, paymentres1_.status as status6_34_0_, paymentres1_.type as type1_34_0_, paymentres1_1_.auth_code as auth_cod1_6_0_, paymentres1_1_.psp_reference as psp_refe2_6_0_, paymentres1_1_.refusal_reason as refusal_3_6_0_, paymentres1_1_.result_code as result_c4_6_0_ from payment_authorization customerpa0_ inner join payment customerpa0_1_ on customerpa0_.id=customerpa0_1_.id left outer join payment_result paymentres1_ on customerpa0_.id=paymentres1_.payment_id left outer join payment_adyen_result paymentres1_1_ on paymentres1_.id=paymentres1_1_.id where customerpa0_.id=43; 
2017-01-26 11:43:41,647 INFO  [main] org.jdbcdslog.ResultSetLogger.info(ResultSetLogger.java:10) - java.sql.ResultSet.next {43, to_timestamp('2017-01-26 11:43:41.000', 'yyyy-MM-dd hh24:mi:ss.ff3'), null, to_timestamp('2017-01-26 11:43:41.000', 'yyyy-MM-dd hh24:mi:ss.ff3'), '3f1b2307-a975-470e-bef9-324361fb0c54', 10.00, '127.0.0.1', 'IDEAL', 'EUR', 116, 'CREATED', 0.00, 'ADYEN', 10.00, Y, 'PAYMENT_METHOD_AUTHORIZATION', 89, 43, 8, 8, to_timestamp('2017-01-26 11:43:41.000', 'yyyy-MM-dd hh24:mi:ss.ff3'), null, to_timestamp('2017-01-26 11:43:41.000', 'yyyy-MM-dd hh24:mi:ss.ff3'), null, 43, 8, 'PAID', 'ADYEN', null, null, null, 'Authorised'} 
Hibernate: select paymentpro0_.id as id2_22_0_, paymentpro0_.created as created3_22_0_, paymentpro0_.removed as removed4_22_0_, paymentpro0_.updated as updated5_22_0_, paymentpro0_.payment_id as payment_7_22_0_, paymentpro0_.payment_provider_integration_type as payment_6_22_0_, paymentpro0_.type as type1_22_0_, paymentpro0_1_.encrypted_data as encrypte1_25_0_, paymentpro0_2_.payment_method_type as payment_1_26_0_, paymentpro0_4_.customer_payment_method_id as customer2_23_0_ from payment_processing_channel paymentpro0_ left outer join payment_processing_channel_encrypted_method paymentpro0_1_ on paymentpro0_.id=paymentpro0_1_.id left outer join payment_processing_channel_provided_method paymentpro0_2_ on paymentpro0_.id=paymentpro0_2_.id left outer join payment_processing_channel_deferred_method paymentpro0_3_ on paymentpro0_.id=paymentpro0_3_.id left outer join payment_processing_channel_customer_method paymentpro0_4_ on paymentpro0_.id=paymentpro0_4_.id where paymentpro0_.payment_id=?
2017-01-26 11:43:41,648 INFO  [main] org.jdbcdslog.StatementLogger.info(StatementLogger.java:10) - select paymentpro0_.id as id2_22_0_, paymentpro0_.created as created3_22_0_, paymentpro0_.removed as removed4_22_0_, paymentpro0_.updated as updated5_22_0_, paymentpro0_.payment_id as payment_7_22_0_, paymentpro0_.payment_provider_integration_type as payment_6_22_0_, paymentpro0_.type as type1_22_0_, paymentpro0_1_.encrypted_data as encrypte1_25_0_, paymentpro0_2_.payment_method_type as payment_1_26_0_, paymentpro0_4_.customer_payment_method_id as customer2_23_0_ from payment_processing_channel paymentpro0_ left outer join payment_processing_channel_encrypted_method paymentpro0_1_ on paymentpro0_.id=paymentpro0_1_.id left outer join payment_processing_channel_provided_method paymentpro0_2_ on paymentpro0_.id=paymentpro0_2_.id left outer join payment_processing_channel_deferred_method paymentpro0_3_ on paymentpro0_.id=paymentpro0_3_.id left outer join payment_processing_channel_customer_method paymentpro0_4_ on paymentpro0_.id=paymentpro0_4_.id where paymentpro0_.payment_id=43; 
2017-01-26 11:43:41,648 INFO  [main] org.jdbcdslog.ResultSetLogger.info(ResultSetLogger.java:10) - java.sql.ResultSet.next {43, to_timestamp('2017-01-26 11:43:41.000', 'yyyy-MM-dd hh24:mi:ss.ff3'), null, to_timestamp('2017-01-26 11:43:41.000', 'yyyy-MM-dd hh24:mi:ss.ff3'), 43, 'API', 'ENCRYPTED_PAYMENT_METHOD', 'veerrrryvveeerrrryscaryencrypteddata', null, null} 
Hibernate: select statechang0_.payment_id as payment_8_35_0_, statechang0_.id as id1_35_0_, statechang0_.id as id1_35_1_, statechang0_.created as created2_35_1_, statechang0_.removed as removed3_35_1_, statechang0_.updated as updated4_35_1_, statechang0_.information as informat5_35_1_, statechang0_.initial_state as initial_6_35_1_, statechang0_.payment_id as payment_8_35_1_, statechang0_.updated_state as updated_7_35_1_ from payment_state_change_history_record statechang0_ where statechang0_.payment_id=?
2017-01-26 11:43:41,649 INFO  [main] org.jdbcdslog.StatementLogger.info(StatementLogger.java:10) - select statechang0_.payment_id as payment_8_35_0_, statechang0_.id as id1_35_0_, statechang0_.id as id1_35_1_, statechang0_.created as created2_35_1_, statechang0_.removed as removed3_35_1_, statechang0_.updated as updated4_35_1_, statechang0_.information as informat5_35_1_, statechang0_.initial_state as initial_6_35_1_, statechang0_.payment_id as payment_8_35_1_, statechang0_.updated_state as updated_7_35_1_ from payment_state_change_history_record statechang0_ where statechang0_.payment_id=43; 
2017-01-26 11:43:41,649 INFO  [main] org.jdbcdslog.ResultSetLogger.info(ResultSetLogger.java:10) - java.sql.ResultSet.next {43, 49, 49, to_timestamp('2017-01-26 11:43:41.000', 'yyyy-MM-dd hh24:mi:ss.ff3'), null, to_timestamp('2017-01-26 11:43:41.000', 'yyyy-MM-dd hh24:mi:ss.ff3'), null, null, 43, 'CREATED'} 
Hibernate: insert into payment_state_change_history_record (id, created, removed, updated, information, initial_state, payment_id, updated_state) values (default, ?, ?, ?, ?, ?, ?, ?)
2017-01-26 11:43:41,650 INFO  [main] org.jdbcdslog.StatementLogger.info(StatementLogger.java:10) - insert into payment_state_change_history_record (id, created, removed, updated, information, initial_state, payment_id, updated_state) values (default, to_timestamp('2017-01-26 11:43:41.000', 'yyyy-MM-dd hh24:mi:ss.ff3'), null, to_timestamp('2017-01-26 11:43:41.000', 'yyyy-MM-dd hh24:mi:ss.ff3'), null, 'CREATED', 43, 'PAID'); 
2017-01-26 11:43:41,650 INFO  [main] org.jdbcdslog.ResultSetLogger.info(ResultSetLogger.java:10) - java.sql.ResultSet.next {50} 
Hibernate: update payment set created=?, removed=?, updated=?, amount=?, client_ip_address=?, confirmed_payment_method_type=?, currency=?, customer_id=?, last_state=?, payment_method_surcharge=?, payment_provider_type=?, payment_total_amount=?, store_payment_method=? where id=?
2017-01-26 11:43:41,651 INFO  [main] org.jdbcdslog.StatementLogger.info(StatementLogger.java:10) - update payment set created=to_timestamp('2017-01-26 11:43:41.000', 'yyyy-MM-dd hh24:mi:ss.ff3'), removed=null, updated=to_timestamp('2017-01-26 11:43:41.000', 'yyyy-MM-dd hh24:mi:ss.ff3'), amount=10.00, client_ip_address='127.0.0.1', confirmed_payment_method_type='IDEAL', currency='EUR', customer_id=116, last_state='PAID', payment_method_surcharge=0.00, payment_provider_type='ADYEN', payment_total_amount=10.00, store_payment_method=Y where id=43; 
Hibernate: select customer0_.id as id1_0_0_, customer0_.created as created2_0_0_, customer0_.removed as removed3_0_0_, customer0_.updated as updated4_0_0_, customer0_.email as email5_0_0_, customer0_.uuid as uuid6_0_0_ from customer customer0_ where customer0_.id=?
2017-01-26 11:43:41,651 INFO  [main] org.jdbcdslog.StatementLogger.info(StatementLogger.java:10) - select customer0_.id as id1_0_0_, customer0_.created as created2_0_0_, customer0_.removed as removed3_0_0_, customer0_.updated as updated4_0_0_, customer0_.email as email5_0_0_, customer0_.uuid as uuid6_0_0_ from customer customer0_ where customer0_.id=116; 
2017-01-26 11:43:41,652 INFO  [main] org.jdbcdslog.ResultSetLogger.info(ResultSetLogger.java:10) - java.sql.ResultSet.next {116, to_timestamp('2017-01-26 11:43:41.000', 'yyyy-MM-dd hh24:mi:ss.ff3'), null, to_timestamp('2017-01-26 11:43:41.000', 'yyyy-MM-dd hh24:mi:ss.ff3'), 'dummy@dummy.com', 'b38a5840-614a-4f5a-9346-37919aa41380'} 
Hibernate: select customerad0_.id as id2_9_, customerad0_1_.created as created3_9_, customerad0_1_.removed as removed4_9_, customerad0_1_.updated as updated5_9_, customerad0_1_.customer_id as customer6_9_, customerad0_1_.type as type1_9_, customerad0_.shopper_email as shopper_1_8_, customerad0_.shopper_reference as shopper_2_8_ from payment_customer_adyen_information customerad0_ inner join payment_customer_information customerad0_1_ on customerad0_.id=customerad0_1_.id where customerad0_1_.customer_id=? and customerad0_1_.type=?
2017-01-26 11:43:41,654 INFO  [main] org.jdbcdslog.StatementLogger.info(StatementLogger.java:10) - select customerad0_.id as id2_9_, customerad0_1_.created as created3_9_, customerad0_1_.removed as removed4_9_, customerad0_1_.updated as updated5_9_, customerad0_1_.customer_id as customer6_9_, customerad0_1_.type as type1_9_, customerad0_.shopper_email as shopper_1_8_, customerad0_.shopper_reference as shopper_2_8_ from payment_customer_adyen_information customerad0_ inner join payment_customer_information customerad0_1_ on customerad0_.id=customerad0_1_.id where customerad0_1_.customer_id=116 and customerad0_1_.type='ADYEN'; 
Hibernate: insert into payment_customer_information (id, created, removed, updated, customer_id, type) values (default, ?, ?, ?, ?, 'ADYEN')
2017-01-26 11:43:41,655 INFO  [main] org.jdbcdslog.StatementLogger.info(StatementLogger.java:10) - insert into payment_customer_information (id, created, removed, updated, customer_id, type) values (default, to_timestamp('2017-01-26 11:43:41.000', 'yyyy-MM-dd hh24:mi:ss.ff3'), null, to_timestamp('2017-01-26 11:43:41.000', 'yyyy-MM-dd hh24:mi:ss.ff3'), 116, 'ADYEN'); 
2017-01-26 11:43:41,655 INFO  [main] org.jdbcdslog.ResultSetLogger.info(ResultSetLogger.java:10) - java.sql.ResultSet.next {10} 
Hibernate: insert into payment_customer_adyen_information (shopper_email, shopper_reference, id) values (?, ?, ?)
2017-01-26 11:43:41,655 INFO  [main] org.jdbcdslog.StatementLogger.info(StatementLogger.java:10) - insert into payment_customer_adyen_information (shopper_email, shopper_reference, id) values ('dummy@dummy.com', 'b38a5840-614a-4f5a-9346-37919aa41380', 10); 
Hibernate: select id from payment_redirect_result where id =? for update
2017-01-26 11:43:43,153 INFO  [main] org.jdbcdslog.StatementLogger.info(StatementLogger.java:10) - select id from payment_redirect_result where id =8 for update; 
2017-01-26 11:43:43,153 INFO  [main] org.jdbcdslog.ResultSetLogger.info(ResultSetLogger.java:10) - java.sql.ResultSet.next {8} 
2017-01-26 11:43:43,154 INFO  [main] org.springframework.test.context.transaction.TransactionContext.endTransaction(TransactionContext.java:136) - Rolled back transaction for test context [DefaultTestContext@676c3745 testClass = PaymentProviderRedirectResultProcessingServiceIntegrationTest, testInstance = com.sfl.pms.services.payment.redirect.PaymentProviderRedirectResultProcessingServiceIntegrationTest@6cbbfe03, testMethod = testProcessPaymentProviderRedirectResultForPaymentMethodAuthorizationPayment@PaymentProviderRedirectResultProcessingServiceIntegrationTest, testException = com.sfl.pms.services.common.exception.ServicesRuntimeException: Error occurred while processing payment provider redirect result for id - 8, mergedContextConfiguration = [MergedContextConfiguration@1a18e18d testClass = PaymentProviderRedirectResultProcessingServiceIntegrationTest, locations = '{classpath:applicationContext-services-integrationtest.xml}', classes = '{}', contextInitializerClasses = '[]', activeProfiles = '{}', propertySourceLocations = '{}', propertySourceProperties = '{}', contextLoader = 'org.springframework.test.context.support.DelegatingSmartContextLoader', parent = [null]]]. 
</system-out>
    <system-err>2017-01-26 11:43:43,152 ERROR [main] com.sfl.pms.services.payment.redirect.impl.PaymentProviderRedirectResultProcessingServiceImpl.processPaymentProviderRedirectResult(PaymentProviderRedirectResultProcessingServiceImpl.java:66) - Error occurred while processing payment provider redirect result for id - 8 
org.springframework.web.client.HttpClientErrorException: 401 Unauthorized
	at org.springframework.web.client.DefaultResponseErrorHandler.handleError(DefaultResponseErrorHandler.java:91) ~[spring-web-4.2.0.RELEASE.jar:4.2.0.RELEASE]
	at org.springframework.web.client.RestTemplate.handleResponse(RestTemplate.java:636) ~[spring-web-4.2.0.RELEASE.jar:4.2.0.RELEASE]
	at org.springframework.web.client.RestTemplate.doExecute(RestTemplate.java:592) ~[spring-web-4.2.0.RELEASE.jar:4.2.0.RELEASE]
	at org.springframework.web.client.RestTemplate.execute(RestTemplate.java:560) ~[spring-web-4.2.0.RELEASE.jar:4.2.0.RELEASE]
	at org.springframework.web.client.RestTemplate.exchange(RestTemplate.java:479) ~[spring-web-4.2.0.RELEASE.jar:4.2.0.RELEASE]
	at com.sfl.pms.externalclients.common.http.rest.RestClientImpl.exchange(RestClientImpl.java:191) ~[externalclients_common-1.0.jar:na]
	at com.sfl.pms.externalclients.payment.adyen.communicator.AdyenApiCommunicatorImpl.listRecurringDetails(AdyenApiCommunicatorImpl.java:143) ~[externalclients_payment-1.0.jar:na]
	at com.sfl.pms.services.payment.processing.impl.adyen.AdyenPaymentOperationsProcessorImpl.listAdyenRecurringPaymentMethodContracts(AdyenPaymentOperationsProcessorImpl.java:370) ~[services_impl-1.0.jar:na]
	at com.sfl.pms.services.payment.processing.impl.adyen.AdyenPaymentOperationsProcessorImpl.getStoredRecurringPaymentMethods(AdyenPaymentOperationsProcessorImpl.java:170) ~[services_impl-1.0.jar:na]
	at com.sfl.pms.services.payment.customer.method.impl.CustomerPaymentMethodsSynchronizationServiceImpl.synchronizeCustomerPaymentMethods(CustomerPaymentMethodsSynchronizationServiceImpl.java:72) ~[services_impl-1.0.jar:na]
	at sun.reflect.NativeMethodAccessorImpl.invoke0(Native Method) ~[na:1.8.0_05]
	at sun.reflect.NativeMethodAccessorImpl.invoke(NativeMethodAccessorImpl.java:62) ~[na:1.8.0_05]
	at sun.reflect.DelegatingMethodAccessorImpl.invoke(DelegatingMethodAccessorImpl.java:43) ~[na:1.8.0_05]
	at java.lang.reflect.Method.invoke(Method.java:483) ~[na:1.8.0_05]
	at org.springframework.aop.support.AopUtils.invokeJoinpointUsingReflection(AopUtils.java:302) ~[spring-aop-4.2.0.RELEASE.jar:4.2.0.RELEASE]
	at org.springframework.aop.framework.ReflectiveMethodInvocation.invokeJoinpoint(ReflectiveMethodInvocation.java:190) ~[spring-aop-4.2.0.RELEASE.jar:4.2.0.RELEASE]
	at org.springframework.aop.framework.ReflectiveMethodInvocation.proceed(ReflectiveMethodInvocation.java:157) ~[spring-aop-4.2.0.RELEASE.jar:4.2.0.RELEASE]
	at org.springframework.transaction.interceptor.TransactionInterceptor$1.proceedWithInvocation(TransactionInterceptor.java:98) ~[spring-tx-4.0.9.RELEASE.jar:4.0.9.RELEASE]
	at org.springframework.transaction.interceptor.TransactionAspectSupport.invokeWithinTransaction(TransactionAspectSupport.java:262) ~[spring-tx-4.0.9.RELEASE.jar:4.0.9.RELEASE]
	at org.springframework.transaction.interceptor.TransactionInterceptor.invoke(TransactionInterceptor.java:95) ~[spring-tx-4.0.9.RELEASE.jar:4.0.9.RELEASE]
	at org.springframework.aop.framework.ReflectiveMethodInvocation.proceed(ReflectiveMethodInvocation.java:179) ~[spring-aop-4.2.0.RELEASE.jar:4.2.0.RELEASE]
	at org.springframework.aop.framework.JdkDynamicAopProxy.invoke(JdkDynamicAopProxy.java:207) ~[spring-aop-4.2.0.RELEASE.jar:4.2.0.RELEASE]
	at com.sun.proxy.$Proxy119.synchronizeCustomerPaymentMethods(Unknown Source) ~[na:na]
	at com.sfl.pms.services.payment.processing.impl.auth.CustomerPaymentMethodAuthorizationPaymentSpecificOperationsProcessorImpl.synchronisePaymentMethodsAndScheduleTaskIfRequired(CustomerPaymentMethodAuthorizationPaymentSpecificOperationsProcessorImpl.java:73) ~[services_impl-1.0.jar:na]
	at com.sfl.pms.services.payment.processing.impl.auth.CustomerPaymentMethodAuthorizationPaymentSpecificOperationsProcessorImpl.processPaymentResult(CustomerPaymentMethodAuthorizationPaymentSpecificOperationsProcessorImpl.java:51) ~[services_impl-1.0.jar:na]
	at com.sfl.pms.services.payment.processing.impl.PaymentResultProcessorImpl.processPaymentResult(PaymentResultProcessorImpl.java:71) ~[services_impl-1.0.jar:na]
	at sun.reflect.NativeMethodAccessorImpl.invoke0(Native Method) ~[na:1.8.0_05]
	at sun.reflect.NativeMethodAccessorImpl.invoke(NativeMethodAccessorImpl.java:62) ~[na:1.8.0_05]
	at sun.reflect.DelegatingMethodAccessorImpl.invoke(DelegatingMethodAccessorImpl.java:43) ~[na:1.8.0_05]
	at java.lang.reflect.Method.invoke(Method.java:483) ~[na:1.8.0_05]
	at org.springframework.aop.support.AopUtils.invokeJoinpointUsingReflection(AopUtils.java:302) ~[spring-aop-4.2.0.RELEASE.jar:4.2.0.RELEASE]
	at org.springframework.aop.framework.ReflectiveMethodInvocation.invokeJoinpoint(ReflectiveMethodInvocation.java:190) ~[spring-aop-4.2.0.RELEASE.jar:4.2.0.RELEASE]
	at org.springframework.aop.framework.ReflectiveMethodInvocation.proceed(ReflectiveMethodInvocation.java:157) ~[spring-aop-4.2.0.RELEASE.jar:4.2.0.RELEASE]
	at org.springframework.transaction.interceptor.TransactionInterceptor$1.proceedWithInvocation(TransactionInterceptor.java:98) ~[spring-tx-4.0.9.RELEASE.jar:4.0.9.RELEASE]
	at org.springframework.transaction.interceptor.TransactionAspectSupport.invokeWithinTransaction(TransactionAspectSupport.java:262) ~[spring-tx-4.0.9.RELEASE.jar:4.0.9.RELEASE]
	at org.springframework.transaction.interceptor.TransactionInterceptor.invoke(TransactionInterceptor.java:95) ~[spring-tx-4.0.9.RELEASE.jar:4.0.9.RELEASE]
	at org.springframework.aop.framework.ReflectiveMethodInvocation.proceed(ReflectiveMethodInvocation.java:179) ~[spring-aop-4.2.0.RELEASE.jar:4.2.0.RELEASE]
	at org.springframework.aop.framework.JdkDynamicAopProxy.invoke(JdkDynamicAopProxy.java:207) ~[spring-aop-4.2.0.RELEASE.jar:4.2.0.RELEASE]
	at com.sun.proxy.$Proxy120.processPaymentResult(Unknown Source) ~[na:na]
	at com.sfl.pms.services.payment.redirect.impl.adyen.AdyenRedirectResultProcessorImpl.processPaymentProviderRedirectResult(AdyenRedirectResultProcessorImpl.java:91) ~[services_impl-1.0.jar:na]
	at com.sfl.pms.services.payment.redirect.impl.PaymentProviderRedirectResultProcessingServiceImpl.processPaymentProviderRedirectResult(PaymentProviderRedirectResultProcessingServiceImpl.java:61) ~[services_impl-1.0.jar:na]
	at com.sfl.pms.services.payment.redirect.PaymentProviderRedirectResultProcessingServiceIntegrationTest.testProcessPaymentProviderRedirectResultForPaymentMethodAuthorizationPayment(PaymentProviderRedirectResultProcessingServiceIntegrationTest.java:75) [test-classes/:na]
	at sun.reflect.NativeMethodAccessorImpl.invoke0(Native Method) ~[na:1.8.0_05]
	at sun.reflect.NativeMethodAccessorImpl.invoke(NativeMethodAccessorImpl.java:62) ~[na:1.8.0_05]
	at sun.reflect.DelegatingMethodAccessorImpl.invoke(DelegatingMethodAccessorImpl.java:43) ~[na:1.8.0_05]
	at java.lang.reflect.Method.invoke(Method.java:483) ~[na:1.8.0_05]
	at org.junit.runners.model.FrameworkMethod$1.runReflectiveCall(FrameworkMethod.java:50) [junit-4.12.jar:4.12]
	at org.junit.internal.runners.model.ReflectiveCallable.run(ReflectiveCallable.java:12) [junit-4.12.jar:4.12]
	at org.junit.runners.model.FrameworkMethod.invokeExplosively(FrameworkMethod.java:47) [junit-4.12.jar:4.12]
	at org.junit.internal.runners.statements.InvokeMethod.evaluate(InvokeMethod.java:17) [junit-4.12.jar:4.12]
	at org.springframework.test.context.junit4.statements.RunBeforeTestMethodCallbacks.evaluate(RunBeforeTestMethodCallbacks.java:74) [spring-test-4.2.0.RELEASE.jar:4.2.0.RELEASE]
	at org.springframework.test.context.junit4.statements.RunAfterTestMethodCallbacks.evaluate(RunAfterTestMethodCallbacks.java:85) [spring-test-4.2.0.RELEASE.jar:4.2.0.RELEASE]
	at org.springframework.test.context.junit4.statements.SpringRepeat.evaluate(SpringRepeat.java:86) [spring-test-4.2.0.RELEASE.jar:4.2.0.RELEASE]
	at org.junit.runners.ParentRunner.runLeaf(ParentRunner.java:325) [junit-4.12.jar:4.12]
	at org.springframework.test.context.junit4.SpringJUnit4ClassRunner.runChild(SpringJUnit4ClassRunner.java:241) [spring-test-4.2.0.RELEASE.jar:4.2.0.RELEASE]
	at org.springframework.test.context.junit4.SpringJUnit4ClassRunner.runChild(SpringJUnit4ClassRunner.java:87) [spring-test-4.2.0.RELEASE.jar:4.2.0.RELEASE]
	at org.junit.runners.ParentRunner$3.run(ParentRunner.java:290) [junit-4.12.jar:4.12]
	at org.junit.runners.ParentRunner$1.schedule(ParentRunner.java:71) [junit-4.12.jar:4.12]
	at org.junit.runners.ParentRunner.runChildren(ParentRunner.java:288) [junit-4.12.jar:4.12]
	at org.junit.runners.ParentRunner.access$000(ParentRunner.java:58) [junit-4.12.jar:4.12]
	at org.junit.runners.ParentRunner$2.evaluate(ParentRunner.java:268) [junit-4.12.jar:4.12]
	at org.springframework.test.context.junit4.statements.RunBeforeTestClassCallbacks.evaluate(RunBeforeTestClassCallbacks.java:61) [spring-test-4.2.0.RELEASE.jar:4.2.0.RELEASE]
	at org.springframework.test.context.junit4.statements.RunAfterTestClassCallbacks.evaluate(RunAfterTestClassCallbacks.java:70) [spring-test-4.2.0.RELEASE.jar:4.2.0.RELEASE]
	at org.junit.runners.ParentRunner.run(ParentRunner.java:363) [junit-4.12.jar:4.12]
	at org.springframework.test.context.junit4.SpringJUnit4ClassRunner.run(SpringJUnit4ClassRunner.java:180) [spring-test-4.2.0.RELEASE.jar:4.2.0.RELEASE]
	at org.apache.maven.surefire.junit4.JUnit4Provider.execute(JUnit4Provider.java:264) [surefire-junit4-2.14.1.jar:2.14.1]
	at org.apache.maven.surefire.junit4.JUnit4Provider.executeTestSet(JUnit4Provider.java:153) [surefire-junit4-2.14.1.jar:2.14.1]
	at org.apache.maven.surefire.junit4.JUnit4Provider.invoke(JUnit4Provider.java:124) [surefire-junit4-2.14.1.jar:2.14.1]
	at sun.reflect.NativeMethodAccessorImpl.invoke0(Native Method) ~[na:1.8.0_05]
	at sun.reflect.NativeMethodAccessorImpl.invoke(NativeMethodAccessorImpl.java:62) ~[na:1.8.0_05]
	at sun.reflect.DelegatingMethodAccessorImpl.invoke(DelegatingMethodAccessorImpl.java:43) ~[na:1.8.0_05]
	at java.lang.reflect.Method.invoke(Method.java:483) ~[na:1.8.0_05]
	at org.apache.maven.surefire.util.ReflectionUtils.invokeMethodWithArray2(ReflectionUtils.java:208) [surefire-api-2.14.1.jar:2.14.1]
	at org.apache.maven.surefire.booter.ProviderFactory$ProviderProxy.invoke(ProviderFactory.java:159) [surefire-booter-2.14.1.jar:2.14.1]
	at org.apache.maven.surefire.booter.ProviderFactory.invokeProvider(ProviderFactory.java:87) [surefire-booter-2.14.1.jar:2.14.1]
	at org.apache.maven.surefire.booter.ForkedBooter.runSuitesInProcess(ForkedBooter.java:153) [surefire-booter-2.14.1.jar:2.14.1]
	at org.apache.maven.surefire.booter.ForkedBooter.main(ForkedBooter.java:95) [surefire-booter-2.14.1.jar:2.14.1]
</system-err>
  </testcase>
  <testcase name="testProcessPaymentProviderRedirectResultForOrderPayment" classname="com.sfl.pms.services.payment.redirect.PaymentProviderRedirectResultProcessingServiceIntegrationTest" time="0.06"/>
</testsuite>